#
# There is insufficient memory for the Java Runtime Environment to continue.
# Native memory allocation (mmap) failed to map 716177408 bytes for committing reserved memory.
# Possible reasons:
#   The system is out of physical RAM or swap space
#   In 32 bit mode, the process size limit was hit
# Possible solutions:
#   Reduce memory load on the system
#   Increase physical memory or swap space
#   Check if swap backing store is full
#   Use 64 bit Java on a 64 bit OS
#   Decrease Java heap size (-Xmx/-Xms)
#   Decrease number of Java threads
#   Decrease Java thread stack sizes (-Xss)
#   Set larger code cache with -XX:ReservedCodeCacheSize=
# This output file may be truncated or incomplete.
#
#  Out of Memory Error (os_linux.cpp:2673), pid=5609, tid=140651794020096
#
# JRE version:  (8.0_45-b14) (build )
# Java VM: Java HotSpot(TM) 64-Bit Server VM (25.45-b02 mixed mode linux-amd64 compressed oops)
# Failed to write core dump. Core dumps have been disabled. To enable core dumping, try "ulimit -c unlimited" before starting Java again
#

---------------  T H R E A D  ---------------

Current thread (0x00007fec04009800):  JavaThread "Unknown thread" [_thread_in_vm, id=5654, stack(0x00007fec0c283000,0x00007fec0c384000)]

Stack: [0x00007fec0c283000,0x00007fec0c384000],  sp=0x00007fec0c382370,  free space=1020k
Native frames: (J=compiled Java code, j=interpreted, Vv=VM code, C=native code)
V  [libjvm.so+0xaac99a]  VMError::report_and_die()+0x2ba
V  [libjvm.so+0x4f333b]  report_vm_out_of_memory(char const*, int, unsigned long, VMErrorType, char const*)+0x8b
V  [libjvm.so+0x90e7c3]  os::Linux::commit_memory_impl(char*, unsigned long, bool)+0x103
V  [libjvm.so+0x90ed19]  os::pd_commit_memory(char*, unsigned long, unsigned long, bool)+0x29
V  [libjvm.so+0x90867a]  os::commit_memory(char*, unsigned long, unsigned long, bool)+0x2a
V  [libjvm.so+0x97bac3]  PSVirtualSpace::expand_by(unsigned long)+0x53
V  [libjvm.so+0x96bb77]  PSOldGen::initialize(ReservedSpace, unsigned long, char const*, int)+0xb7
V  [libjvm.so+0x2d4cda]  AdjoiningGenerations::AdjoiningGenerations(ReservedSpace, GenerationSizer*, unsigned long)+0x39a
V  [libjvm.so+0x931716]  ParallelScavengeHeap::initialize()+0x1d6
V  [libjvm.so+0xa75aab]  Universe::initialize_heap()+0xfb
V  [libjvm.so+0xa75e1e]  universe_init()+0x3e
V  [libjvm.so+0x62f635]  init_globals()+0x65
V  [libjvm.so+0xa5a02e]  Threads::create_vm(JavaVMInitArgs*, bool*)+0x23e
V  [libjvm.so+0x6c3244]  JNI_CreateJavaVM+0x74
C  [libjli.so+0x745e]  JavaMain+0x9e
C  [libpthread.so.0+0x7dc5]  start_thread+0xc5


---------------  P R O C E S S  ---------------

Java Threads: ( => current thread )

Other Threads:

=>0x00007fec04009800 (exited) JavaThread "Unknown thread" [_thread_in_vm, id=5654, stack(0x00007fec0c283000,0x00007fec0c384000)]

VM state:not at safepoint (not fully initialized)

VM Mutex/Monitor currently owned by a thread: None

GC Heap History (0 events):
No events

Deoptimization events (0 events):
No events

Internal exceptions (0 events):
No events

Events (0 events):
No events


Dynamic libraries:
00400000-00401000 r-xp 00000000 ca:01 263646                             /usr/lib/jvm/jdk1.8.0_45/jre/bin/java
00600000-00601000 rw-p 00000000 ca:01 263646                             /usr/lib/jvm/jdk1.8.0_45/jre/bin/java
020d1000-020f2000 rw-p 00000000 00:00 0                                  [heap]
eab00000-100000000 rw-p 00000000 00:00 0 
7febf5000000-7febf5270000 rwxp 00000000 00:00 0 
7febf5270000-7fec04000000 ---p 00000000 00:00 0 
7fec04000000-7fec04033000 rw-p 00000000 00:00 0 
7fec04033000-7fec08000000 ---p 00000000 00:00 0 
7fec091f6000-7fec0947a000 rw-p 00000000 00:00 0 
7fec0947a000-7fec095cf000 ---p 00000000 00:00 0 
7fec095cf000-7fec09685000 rw-p 00000000 00:00 0 
7fec09685000-7fec09a3b000 ---p 00000000 00:00 0 
7fec09a3b000-7fec09a55000 r-xp 00000000 ca:01 263870                     /usr/lib/jvm/jdk1.8.0_45/jre/lib/amd64/libzip.so
7fec09a55000-7fec09c55000 ---p 0001a000 ca:01 263870                     /usr/lib/jvm/jdk1.8.0_45/jre/lib/amd64/libzip.so
7fec09c55000-7fec09c56000 rw-p 0001a000 ca:01 263870                     /usr/lib/jvm/jdk1.8.0_45/jre/lib/amd64/libzip.so
7fec09c56000-7fec09c62000 r-xp 00000000 ca:01 396389                     /lib64/libnss_files-2.17.so
7fec09c62000-7fec09e61000 ---p 0000c000 ca:01 396389                     /lib64/libnss_files-2.17.so
7fec09e61000-7fec09e62000 r--p 0000b000 ca:01 396389                     /lib64/libnss_files-2.17.so
7fec09e62000-7fec09e63000 rw-p 0000c000 ca:01 396389                     /lib64/libnss_files-2.17.so
7fec09e63000-7fec09e69000 rw-p 00000000 00:00 0 
7fec09e69000-7fec09e93000 r-xp 00000000 ca:01 263863                     /usr/lib/jvm/jdk1.8.0_45/jre/lib/amd64/libjava.so
7fec09e93000-7fec0a093000 ---p 0002a000 ca:01 263863                     /usr/lib/jvm/jdk1.8.0_45/jre/lib/amd64/libjava.so
7fec0a093000-7fec0a095000 rw-p 0002a000 ca:01 263863                     /usr/lib/jvm/jdk1.8.0_45/jre/lib/amd64/libjava.so
7fec0a095000-7fec0a0a2000 r-xp 00000000 ca:01 263905                     /usr/lib/jvm/jdk1.8.0_45/jre/lib/amd64/libverify.so
7fec0a0a2000-7fec0a2a2000 ---p 0000d000 ca:01 263905                     /usr/lib/jvm/jdk1.8.0_45/jre/lib/amd64/libverify.so
7fec0a2a2000-7fec0a2a4000 rw-p 0000d000 ca:01 263905                     /usr/lib/jvm/jdk1.8.0_45/jre/lib/amd64/libverify.so
7fec0a2a4000-7fec0a2ab000 r-xp 00000000 ca:01 396401                     /lib64/librt-2.17.so
7fec0a2ab000-7fec0a4aa000 ---p 00007000 ca:01 396401                     /lib64/librt-2.17.so
7fec0a4aa000-7fec0a4ab000 r--p 00006000 ca:01 396401                     /lib64/librt-2.17.so
7fec0a4ab000-7fec0a4ac000 rw-p 00007000 ca:01 396401                     /lib64/librt-2.17.so
7fec0a4ac000-7fec0a5ad000 r-xp 00000000 ca:01 396379                     /lib64/libm-2.17.so
7fec0a5ad000-7fec0a7ac000 ---p 00101000 ca:01 396379                     /lib64/libm-2.17.so
7fec0a7ac000-7fec0a7ad000 r--p 00100000 ca:01 396379                     /lib64/libm-2.17.so
7fec0a7ad000-7fec0a7ae000 rw-p 00101000 ca:01 396379                     /lib64/libm-2.17.so
7fec0a7ae000-7fec0b45c000 r-xp 00000000 ca:01 263911                     /usr/lib/jvm/jdk1.8.0_45/jre/lib/amd64/server/libjvm.so
7fec0b45c000-7fec0b65b000 ---p 00cae000 ca:01 263911                     /usr/lib/jvm/jdk1.8.0_45/jre/lib/amd64/server/libjvm.so
7fec0b65b000-7fec0b732000 rw-p 00cad000 ca:01 263911                     /usr/lib/jvm/jdk1.8.0_45/jre/lib/amd64/server/libjvm.so
7fec0b732000-7fec0b776000 rw-p 00000000 00:00 0 
7fec0b776000-7fec0b92d000 r-xp 00000000 ca:01 396371                     /lib64/libc-2.17.so
7fec0b92d000-7fec0bb2d000 ---p 001b7000 ca:01 396371                     /lib64/libc-2.17.so
7fec0bb2d000-7fec0bb31000 r--p 001b7000 ca:01 396371                     /lib64/libc-2.17.so
7fec0bb31000-7fec0bb33000 rw-p 001bb000 ca:01 396371                     /lib64/libc-2.17.so
7fec0bb33000-7fec0bb38000 rw-p 00000000 00:00 0 
7fec0bb38000-7fec0bb3b000 r-xp 00000000 ca:01 396377                     /lib64/libdl-2.17.so
7fec0bb3b000-7fec0bd3a000 ---p 00003000 ca:01 396377                     /lib64/libdl-2.17.so
7fec0bd3a000-7fec0bd3b000 r--p 00002000 ca:01 396377                     /lib64/libdl-2.17.so
7fec0bd3b000-7fec0bd3c000 rw-p 00003000 ca:01 396377                     /lib64/libdl-2.17.so
7fec0bd3c000-7fec0bd51000 r-xp 00000000 ca:01 263872                     /usr/lib/jvm/jdk1.8.0_45/jre/lib/amd64/jli/libjli.so
7fec0bd51000-7fec0bf51000 ---p 00015000 ca:01 263872                     /usr/lib/jvm/jdk1.8.0_45/jre/lib/amd64/jli/libjli.so
7fec0bf51000-7fec0bf52000 rw-p 00015000 ca:01 263872                     /usr/lib/jvm/jdk1.8.0_45/jre/lib/amd64/jli/libjli.so
7fec0bf52000-7fec0bf68000 r-xp 00000000 ca:01 396397                     /lib64/libpthread-2.17.so
7fec0bf68000-7fec0c168000 ---p 00016000 ca:01 396397                     /lib64/libpthread-2.17.so
7fec0c168000-7fec0c169000 r--p 00016000 ca:01 396397                     /lib64/libpthread-2.17.so
7fec0c169000-7fec0c16a000 rw-p 00017000 ca:01 396397                     /lib64/libpthread-2.17.so
7fec0c16a000-7fec0c16e000 rw-p 00000000 00:00 0 
7fec0c16e000-7fec0c18f000 r-xp 00000000 ca:01 423437                     /lib64/ld-2.17.so
7fec0c27b000-7fec0c283000 rw-s 00000000 ca:01 154422                     /tmp/hsperfdata_ec2-user/5609
7fec0c283000-7fec0c286000 ---p 00000000 00:00 0 
7fec0c286000-7fec0c388000 rw-p 00000000 00:00 0 
7fec0c389000-7fec0c38d000 rw-p 00000000 00:00 0 
7fec0c38d000-7fec0c38e000 r--p 00000000 00:00 0 
7fec0c38e000-7fec0c38f000 rw-p 00000000 00:00 0 
7fec0c38f000-7fec0c390000 r--p 00021000 ca:01 423437                     /lib64/ld-2.17.so
7fec0c390000-7fec0c391000 rw-p 00022000 ca:01 423437                     /lib64/ld-2.17.so
7fec0c391000-7fec0c392000 rw-p 00000000 00:00 0 
7ffe55f2a000-7ffe55f4c000 rw-p 00000000 00:00 0                          [stack]
7ffe55f4c000-7ffe55f4e000 r--p 00000000 00:00 0                          [vvar]
7ffe55f4e000-7ffe55f50000 r-xp 00000000 00:00 0                          [vdso]
ffffffffff600000-ffffffffff601000 r-xp 00000000 00:00 0                  [vsyscall]

VM Arguments:
jvm_args: -Xms1g -Xmx1g 
java_command: org.apache.spark.deploy.SparkSubmit --conf spark.driver.extraClassPath=/home/ec2-user/PredictionIO-0.9.6/conf:/home/ec2-user/PredictionIO-0.9.6/vendors/hbase-1.0.0/conf --class io.prediction.workflow.CreateServer --jars file:/home/ec2-user/PIO-MukjaRecommendation/target/scala-2.10/template-scala-parallel-ecommercerecommendation_2.10-0.1-SNAPSHOT.jar,file:/home/ec2-user/PIO-MukjaRecommendation/target/scala-2.10/template-scala-parallel-ecommercerecommendation-assembly-0.1-SNAPSHOT-deps.jar --files file:/home/ec2-user/PredictionIO-0.9.6/conf/log4j.properties,file:/home/ec2-user/PredictionIO-0.9.6/vendors/hbase-1.0.0/conf/hbase-site.xml file:/home/ec2-user/PredictionIO-0.9.6/lib/pio-assembly-0.9.6.jar --engineInstanceId AVhj5rjmgVe4sTzjVT9I --engine-variant file:/home/ec2-user/PIO-MukjaRecommendation/engine.json --ip 0.0.0.0 --port 8000 --event-server-ip 0.0.0.0 --event-server-port 7070 --json-extractor Both --env PIO_STORAGE_SOURCES_HBASE_TYPE=hbase,PIO_ENV_LOADED=1,PIO_STORAGE_REPOSITORIES_METADATA_NAME=pio_meta,PIO_FS_BASEDIR=/home/ec2-user/.pio_store,PIO_STORAGE_SOURCES_ELASTICSEARCH_HOSTS=localhost,PIO_STORAGE_SOURCES_HBASE_HOME=/home/ec2-user/PredictionIO-0.9.6/vendors/hbase-1.0.0,PIO_HOME=/home/ec2-user/PredictionIO-0.9.6,PIO_FS_ENGINESDIR=/home/ec2-user/.pio_store/engines,PIO_STORAGE_SOURCES_LOCALFS_PATH=/home/ec2-user/.pio_store/models,PIO_STORAGE_SOURCES_ELASTICSEARCH_TYPE=elasticsearch,PIO_STORAGE_REPOSITORIES_METADATA_SOURCE=ELASTICSEARCH,PIO_STORAGE_REPOSITORIES_MODELDATA_SOURCE=LOCALFS,PIO_STORAGE_REPOSITORIES_EVENTDATA_NAME=pio_event,PIO_STORAGE_SOURCES_ELASTICSEARCH_HOME=/home/ec2-user/PredictionIO-0.9.6/vendors/elasticsearch-1.4.4,PIO_FS_TMPDIR=/home/ec2-user/.pio_store/tmp,PIO_STORAGE_REPOSITORIES_MODELDATA_NAME=pio_model,PIO_STORAGE_REPOSITORIES_EVENTDATA_SOURCE=HBASE,PIO_CONF_DIR=/home/ec2-user/PredictionIO-0.9.6/conf,PIO_STORAGE_SOURCES_ELASTICSEARCH_PORTS=9300,PIO_STORAGE_SOURCES_LOCALFS_TYPE=localfs
java_class_path (initial): /home/ec2-user/PredictionIO-0.9.6/conf/:/home/ec2-user/PredictionIO-0.9.6/vendors/hbase-1.0.0/conf/:/home/ec2-user/PredictionIO-0.9.6/vendors/spark-1.5.1-bin-hadoop2.6/conf/:/home/ec2-user/PredictionIO-0.9.6/vendors/spark-1.5.1-bin-hadoop2.6/lib/spark-assembly-1.5.1-hadoop2.6.0.jar:/home/ec2-user/PredictionIO-0.9.6/vendors/spark-1.5.1-bin-hadoop2.6/lib/datanucleus-core-3.2.10.jar:/home/ec2-user/PredictionIO-0.9.6/vendors/spark-1.5.1-bin-hadoop2.6/lib/datanucleus-api-jdo-3.2.6.jar:/home/ec2-user/PredictionIO-0.9.6/vendors/spark-1.5.1-bin-hadoop2.6/lib/datanucleus-rdbms-3.2.9.jar
Launcher Type: SUN_STANDARD

Environment Variables:
JAVA_HOME=/usr/lib/jvm/jdk1.8.0_45/jre
CLASSPATH=
PATH=/usr/local/bin:/bin:/usr/bin:/usr/local/sbin:/usr/sbin:/sbin:/opt/aws/bin:/home/ec2-user/.local/bin:/home/ec2-user/bin:/home/ec2-user/PredictionIO-0.9.6/bin
SHELL=/bin/bash

Signal Handlers:
SIGSEGV: [libjvm.so+0xaad1e0], sa_mask[0]=11111111011111111101111111111110, sa_flags=SA_RESTART|SA_SIGINFO
SIGBUS: [libjvm.so+0xaad1e0], sa_mask[0]=11111111011111111101111111111110, sa_flags=SA_RESTART|SA_SIGINFO
SIGFPE: [libjvm.so+0x90b450], sa_mask[0]=11111111011111111101111111111110, sa_flags=SA_RESTART|SA_SIGINFO
SIGPIPE: [libjvm.so+0x90b450], sa_mask[0]=11111111011111111101111111111110, sa_flags=SA_RESTART|SA_SIGINFO
SIGXFSZ: [libjvm.so+0x90b450], sa_mask[0]=11111111011111111101111111111110, sa_flags=SA_RESTART|SA_SIGINFO
SIGILL: [libjvm.so+0x90b450], sa_mask[0]=11111111011111111101111111111110, sa_flags=SA_RESTART|SA_SIGINFO
SIGUSR1: SIG_DFL, sa_mask[0]=00000000000000000000000000000000, sa_flags=none
SIGUSR2: [libjvm.so+0x90ca90], sa_mask[0]=00100000000000000000000000000000, sa_flags=SA_RESTART|SA_SIGINFO
SIGHUP: SIG_DFL, sa_mask[0]=00000000000000000000000000000000, sa_flags=none
SIGINT: SIG_DFL, sa_mask[0]=00000000000000000000000000000000, sa_flags=none
SIGTERM: SIG_DFL, sa_mask[0]=00000000000000000000000000000000, sa_flags=none
SIGQUIT: SIG_DFL, sa_mask[0]=00000000000000000000000000000000, sa_flags=none


---------------  S Y S T E M  ---------------

OS:Amazon Linux AMI release 2016.09

uname:Linux 4.4.23-31.51.amzn1.x86_64 #1 SMP Tue Oct 11 17:10:29 UTC 2016 x86_64
libc:glibc 2.17 NPTL 2.17 
rlimit: STACK 8192k, CORE 0k, NPROC 31862, NOFILE 4096, AS infinity
load average:0.08 0.06 0.96

/proc/meminfo:
MemTotal:        8178640 kB
MemFree:          346664 kB
MemAvailable:     338588 kB
Buffers:           17304 kB
Cached:           116636 kB
SwapCached:            0 kB
Active:          7251752 kB
Inactive:          72904 kB
Active(anon):    7190840 kB
Inactive(anon):      376 kB
Active(file):      60912 kB
Inactive(file):    72528 kB
Unevictable:           0 kB
Mlocked:               0 kB
SwapTotal:             0 kB
SwapFree:              0 kB
Dirty:               140 kB
Writeback:             0 kB
AnonPages:       7190752 kB
Mapped:            48308 kB
Shmem:               384 kB
Slab:             112184 kB
SReclaimable:      19344 kB
SUnreclaim:        92840 kB
KernelStack:       47248 kB
PageTables:       216288 kB
NFS_Unstable:          0 kB
Bounce:                0 kB
WritebackTmp:          0 kB
CommitLimit:     4089320 kB
Committed_AS:   22547660 kB
VmallocTotal:   34359738367 kB
VmallocUsed:           0 kB
VmallocChunk:          0 kB
AnonHugePages:         0 kB
HugePages_Total:       0
HugePages_Free:        0
HugePages_Rsvd:        0
HugePages_Surp:        0
Hugepagesize:       2048 kB
DirectMap4k:       12288 kB
DirectMap2M:     2084864 kB
DirectMap1G:     7340032 kB


CPU:total 2 (1 cores per cpu, 2 threads per core) family 6 model 79 stepping 1, cmov, cx8, fxsr, mmx, sse, sse2, sse3, ssse3, sse4.1, sse4.2, popcnt, avx, avx2, aes, clmul, erms, lzcnt, ht, tsc, bmi1, bmi2

/proc/cpuinfo:
processor	: 0
vendor_id	: GenuineIntel
cpu family	: 6
model		: 79
model name	: Intel(R) Xeon(R) CPU E5-2686 v4 @ 2.30GHz
stepping	: 1
microcode	: 0xb000014
cpu MHz		: 2300.082
cache size	: 46080 KB
physical id	: 0
siblings	: 2
core id		: 0
cpu cores	: 1
apicid		: 0
initial apicid	: 0
fpu		: yes
fpu_exception	: yes
cpuid level	: 13
wp		: yes
flags		: fpu vme de pse tsc msr pae mce cx8 apic sep mtrr pge mca cmov pat pse36 clflush mmx fxsr sse sse2 ht syscall nx pdpe1gb rdtscp lm constant_tsc rep_good nopl xtopology eagerfpu pni pclmulqdq ssse3 fma cx16 pcid sse4_1 sse4_2 x2apic movbe popcnt tsc_deadline_timer aes xsave avx f16c rdrand hypervisor lahf_lm abm fsgsbase bmi1 avx2 smep bmi2 erms invpcid xsaveopt
bugs		:
bogomips	: 4600.16
clflush size	: 64
cache_alignment	: 64
address sizes	: 46 bits physical, 48 bits virtual
power management:

processor	: 1
vendor_id	: GenuineIntel
cpu family	: 6
model		: 79
model name	: Intel(R) Xeon(R) CPU E5-2686 v4 @ 2.30GHz
stepping	: 1
microcode	: 0xb000014
cpu MHz		: 2300.082
cache size	: 46080 KB
physical id	: 0
siblings	: 2
core id		: 0
cpu cores	: 1
apicid		: 1
initial apicid	: 1
fpu		: yes
fpu_exception	: yes
cpuid level	: 13
wp		: yes
flags		: fpu vme de pse tsc msr pae mce cx8 apic sep mtrr pge mca cmov pat pse36 clflush mmx fxsr sse sse2 ht syscall nx pdpe1gb rdtscp lm constant_tsc rep_good nopl xtopology eagerfpu pni pclmulqdq ssse3 fma cx16 pcid sse4_1 sse4_2 x2apic movbe popcnt tsc_deadline_timer aes xsave avx f16c rdrand hypervisor lahf_lm abm fsgsbase bmi1 avx2 smep bmi2 erms invpcid xsaveopt
bugs		:
bogomips	: 4600.16
clflush size	: 64
cache_alignment	: 64
address sizes	: 46 bits physical, 48 bits virtual
power management:



Memory: 4k page, physical 8178640k(346664k free), swap 0k(0k free)

vm_info: Java HotSpot(TM) 64-Bit Server VM (25.45-b02) for linux-amd64 JRE (1.8.0_45-b14), built on Apr 10 2015 10:07:45 by "java_re" with gcc 4.3.0 20080428 (Red Hat 4.3.0-8)

time: Thu Nov 17 22:34:17 2016
elapsed time: 0 seconds (0d 0h 0m 0s)

