#
# There is insufficient memory for the Java Runtime Environment to continue.
# Native memory allocation (mmap) failed to map 65536 bytes for committing reserved memory.
# Possible reasons:
#   The system is out of physical RAM or swap space
#   In 32 bit mode, the process size limit was hit
# Possible solutions:
#   Reduce memory load on the system
#   Increase physical memory or swap space
#   Check if swap backing store is full
#   Use 64 bit Java on a 64 bit OS
#   Decrease Java heap size (-Xmx/-Xms)
#   Decrease number of Java threads
#   Decrease Java thread stack sizes (-Xss)
#   Set larger code cache with -XX:ReservedCodeCacheSize=
# This output file may be truncated or incomplete.
#
#  Out of Memory Error (os_linux.cpp:2673), pid=4218, tid=139971132364544
#
# JRE version: Java(TM) SE Runtime Environment (8.0_45-b14) (build 1.8.0_45-b14)
# Java VM: Java HotSpot(TM) 64-Bit Server VM (25.45-b02 mixed mode linux-amd64 compressed oops)
# Failed to write core dump. Core dumps have been disabled. To enable core dumping, try "ulimit -c unlimited" before starting Java again
#

---------------  T H R E A D  ---------------

Current thread (0x00007f4da80ab800):  JavaThread "C1 CompilerThread1" daemon [_thread_in_vm, id=4265, stack(0x00007f4d918f9000,0x00007f4d919fa000)]

Stack: [0x00007f4d918f9000,0x00007f4d919fa000],  sp=0x00007f4d919f7bd0,  free space=1018k
Native frames: (J=compiled Java code, j=interpreted, Vv=VM code, C=native code)
V  [libjvm.so+0xaac99a]  VMError::report_and_die()+0x2ba
V  [libjvm.so+0x4f333b]  report_vm_out_of_memory(char const*, int, unsigned long, VMErrorType, char const*)+0x8b
V  [libjvm.so+0x90e7c3]  os::Linux::commit_memory_impl(char*, unsigned long, bool)+0x103
V  [libjvm.so+0x90ed19]  os::pd_commit_memory(char*, unsigned long, unsigned long, bool)+0x29
V  [libjvm.so+0x90867a]  os::commit_memory(char*, unsigned long, unsigned long, bool)+0x2a
V  [libjvm.so+0xaa8649]  VirtualSpace::expand_by(unsigned long, bool)+0x1c9
V  [libjvm.so+0x60d59c]  CodeHeap::expand_by(unsigned long)+0x8c
V  [libjvm.so+0x479430]  CodeCache::allocate(int, bool)+0x60
V  [libjvm.so+0x8d683c]  nmethod::new_nmethod(methodHandle, int, int, CodeOffsets*, int, DebugInformationRecorder*, Dependencies*, CodeBuffer*, int, OopMapSet*, ExceptionHandlerTable*, ImplicitExceptionTable*, AbstractCompiler*, int)+0x1fc
V  [libjvm.so+0x40f36b]  ciEnv::register_method(ciMethod*, int, CodeOffsets*, int, CodeBuffer*, int, OopMapSet*, ExceptionHandlerTable*, ImplicitExceptionTable*, AbstractCompiler*, int, bool, bool, RTMState)+0x42b
V  [libjvm.so+0x3532f9]  Compilation::install_code(int)+0xc9
V  [libjvm.so+0x3547ec]  Compilation::compile_method()+0xec
V  [libjvm.so+0x354abe]  Compilation::Compilation(AbstractCompiler*, ciEnv*, ciMethod*, int, BufferBlob*)+0x25e
V  [libjvm.so+0x355869]  Compiler::compile_method(ciEnv*, ciMethod*, int)+0xa9
V  [libjvm.so+0x4a843a]  CompileBroker::invoke_compiler_on_method(CompileTask*)+0xc9a
V  [libjvm.so+0x4a93e6]  CompileBroker::compiler_thread_loop()+0x5d6
V  [libjvm.so+0xa5c86f]  JavaThread::thread_main_inner()+0xdf
V  [libjvm.so+0xa5c99c]  JavaThread::run()+0x11c
V  [libjvm.so+0x910de8]  java_start(Thread*)+0x108
C  [libpthread.so.0+0x7dc5]  start_thread+0xc5


Current CompileTask:
C1:7099866 6274       3       java.math.MutableBigInteger::divideMagnitude (1307 bytes)


---------------  P R O C E S S  ---------------

Java Threads: ( => current thread )
  0x00007f4d60384000 JavaThread "pio-server-akka.actor.default-dispatcher-22" [_thread_blocked, id=5357, stack(0x00007f4d519a4000,0x00007f4d51aa5000)]
  0x00007f4d84307800 JavaThread "pio-server-akka.actor.default-dispatcher-21" [_thread_blocked, id=5353, stack(0x00007f4d4ed7e000,0x00007f4d4ee7f000)]
  0x00007f4da8607000 JavaThread "pio-server-akka.actor.default-dispatcher-20" [_thread_blocked, id=5352, stack(0x00007f4d517a2000,0x00007f4d518a3000)]
  0x00007f4d58058000 JavaThread "pio-server-akka.actor.default-dispatcher-19" [_thread_blocked, id=5351, stack(0x00007f4d795d6000,0x00007f4d796d7000)]
  0x00007f4d58053800 JavaThread "pio-server-akka.actor.default-dispatcher-18" [_thread_blocked, id=5350, stack(0x00007f4d52c06000,0x00007f4d52d07000)]
  0x00007f4da85f7800 JavaThread "pio-server-akka.actor.default-dispatcher-17" [_thread_blocked, id=5349, stack(0x00007f4d798d7000,0x00007f4d799d8000)]
  0x00007f4d58019000 JavaThread "pio-server-akka.actor.default-dispatcher-16" [_thread_blocked, id=5348, stack(0x00007f4d5008d000,0x00007f4d5018e000)]
  0x0000000000b0d000 JavaThread "ForkJoinPool-2-worker-7" daemon [_thread_blocked, id=5326, stack(0x00007f4d50a97000,0x00007f4d50b98000)]
  0x00007f4d60381000 JavaThread "pio-server-akka.actor.default-dispatcher-13" [_thread_blocked, id=5323, stack(0x00007f4d794d5000,0x00007f4d795d6000)]
  0x00007f4d842bd000 JavaThread "ForkJoinPool-2-worker-1" daemon [_thread_blocked, id=4525, stack(0x00007f4d50f9a000,0x00007f4d5109b000)]
  0x00007f4d84148000 JavaThread "ForkJoinPool-2-worker-3-EventThread" daemon [_thread_blocked, id=4524, stack(0x00007f4d50794000,0x00007f4d50895000)]
  0x00007f4d842a2800 JavaThread "ForkJoinPool-2-worker-3-SendThread(localhost:2181)" daemon [_thread_blocked, id=4523, stack(0x00007f4d793d4000,0x00007f4d794d5000)]
  0x00007f4d5413d800 JavaThread "pio-server-akka.io.pinned-dispatcher-6" [_thread_in_native, id=4355, stack(0x00007f4d50d98000,0x00007f4d50e99000)]
  0x00007f4da8c11800 JavaThread "elasticsearch[Nemesis][generic][T#1]" daemon [_thread_blocked, id=4292, stack(0x00007f4d533cd000,0x00007f4d534ce000)]
  0x00007f4d7070e800 JavaThread "elasticsearch[Nemesis][transport_client_timer][T#1]{Hashed wheel timer #1}" daemon [_thread_blocked, id=4291, stack(0x00007f4d534ce000,0x00007f4d535cf000)]
  0x00007f4da8baf000 JavaThread "elasticsearch[Nemesis][transport_client_boss][T#1]{New I/O boss #5}" daemon [_thread_in_native, id=4290, stack(0x00007f4d535cf000,0x00007f4d536d0000)]
  0x00007f4da8b9a000 JavaThread "elasticsearch[Nemesis][transport_client_worker][T#4]{New I/O worker #4}" daemon [_thread_in_native, id=4289, stack(0x00007f4d536d0000,0x00007f4d537d1000)]
  0x00007f4da8b41000 JavaThread "elasticsearch[Nemesis][transport_client_worker][T#3]{New I/O worker #3}" daemon [_thread_in_native, id=4288, stack(0x00007f4d537d1000,0x00007f4d538d2000)]
  0x00007f4da8b2c000 JavaThread "elasticsearch[Nemesis][transport_client_worker][T#2]{New I/O worker #2}" daemon [_thread_in_native, id=4287, stack(0x00007f4d538d2000,0x00007f4d539d3000)]
  0x00007f4da8b2b000 JavaThread "elasticsearch[Nemesis][transport_client_worker][T#1]{New I/O worker #1}" daemon [_thread_in_native, id=4286, stack(0x00007f4d539d3000,0x00007f4d53ad4000)]
  0x00007f4da8b1a000 JavaThread "elasticsearch[Nemesis][scheduler][T#1]" daemon [_thread_blocked, id=4285, stack(0x00007f4d53ce5000,0x00007f4d53de6000)]
  0x00007f4da8b06800 JavaThread "elasticsearch[Nemesis][[timer]]" daemon [_thread_blocked, id=4284, stack(0x00007f4d782b3000,0x00007f4d783b4000)]
  0x00007f4da8527000 JavaThread "pio-server-scheduler-1" [_thread_blocked, id=4272, stack(0x00007f4d799d8000,0x00007f4d79ad9000)]
  0x00007f4da80bb000 JavaThread "Service Thread" daemon [_thread_blocked, id=4266, stack(0x00007f4d917f8000,0x00007f4d918f9000)]
=>0x00007f4da80ab800 JavaThread "C1 CompilerThread1" daemon [_thread_in_vm, id=4265, stack(0x00007f4d918f9000,0x00007f4d919fa000)]
  0x00007f4da80a8800 JavaThread "C2 CompilerThread0" daemon [_thread_in_vm, id=4264, stack(0x00007f4d919fa000,0x00007f4d91afb000)]
  0x00007f4da80a6000 JavaThread "Signal Dispatcher" daemon [_thread_blocked, id=4263, stack(0x00007f4d91afb000,0x00007f4d91bfc000)]
  0x00007f4da807a800 JavaThread "Finalizer" daemon [_thread_blocked, id=4262, stack(0x00007f4d91bfc000,0x00007f4d91cfd000)]
  0x00007f4da8078800 JavaThread "Reference Handler" daemon [_thread_blocked, id=4261, stack(0x00007f4d91cfd000,0x00007f4d91dfe000)]
  0x00007f4da8009800 JavaThread "main" [_thread_blocked, id=4257, stack(0x00007f4daf773000,0x00007f4daf874000)]

Other Threads:
  0x00007f4da8073800 VMThread [stack: 0x00007f4d91dfe000,0x00007f4d91eff000] [id=4260]
  0x00007f4da80bd000 WatcherThread [stack: 0x00007f4d916f7000,0x00007f4d917f8000] [id=4267]

VM state:not at safepoint (normal execution)

VM Mutex/Monitor currently owned by a thread:  ([mutex/lock_event])
[0x00007f4da8006480] CodeCache_lock - owner thread: 0x00007f4da80ab800
[0x00007f4da8007b00] Compile_lock - owner thread: 0x00007f4da80ab800
[0x00007f4da8007c00] MethodCompileQueue_lock - owner thread: 0x00007f4da80ab800

Heap:
 PSYoungGen      total 305664K, used 32986K [0x00000000eab00000, 0x0000000100000000, 0x0000000100000000)
  eden space 262144K, 6% used [0x00000000eab00000,0x00000000ebbbe330,0x00000000fab00000)
  from space 43520K, 36% used [0x00000000fd580000,0x00000000fe4f87f0,0x0000000100000000)
  to   space 43520K, 0% used [0x00000000fab00000,0x00000000fab00000,0x00000000fd580000)
 ParOldGen       total 699392K, used 31806K [0x00000000c0000000, 0x00000000eab00000, 0x00000000eab00000)
  object space 699392K, 4% used [0x00000000c0000000,0x00000000c1f0f998,0x00000000eab00000)
 Metaspace       used 73255K, capacity 73682K, committed 74240K, reserved 1112064K
  class space    used 11839K, capacity 11977K, committed 12032K, reserved 1048576K

Card table byte_map: [0x00007f4dac96a000,0x00007f4dacb6b000] byte_map_base: 0x00007f4dac36a000

Marking Bits: (ParMarkBitMap*) 0x00007f4daec3b760
 Begin Bits: [0x00007f4d92000000, 0x00007f4d93000000)
 End Bits:   [0x00007f4d93000000, 0x00007f4d94000000)

Polling page: 0x00007f4daf87d000

CodeCache: size=245760Kb used=13911Kb max_used=13923Kb free=231848Kb
 bounds [0x00007f4d99000000, 0x00007f4d99db0000, 0x00007f4da8000000]
 total_blobs=5950 nmethods=5343 adapters=519
 compilation: enabled

Compilation events (10 events):
Event: 7099.811 Thread 0x00007f4da80ab800 nmethod 6268 0x00007f4d9973c390 code [0x00007f4d9973c4e0, 0x00007f4d9973c5f0]
Event: 7099.812 Thread 0x00007f4da80ab800 6272       3       sun.security.ssl.Handshaker::isNegotiable (21 bytes)
Event: 7099.812 Thread 0x00007f4da80ab800 nmethod 6272 0x00007f4d9973d290 code [0x00007f4d9973d440, 0x00007f4d9973d9d8]
Event: 7099.812 Thread 0x00007f4da80ab800 6271       3       java.util.StringTokenizer::<init> (52 bytes)
Event: 7099.813 Thread 0x00007f4da80ab800 nmethod 6271 0x00007f4d9973cb90 code [0x00007f4d9973cd20, 0x00007f4d9973d048]
Event: 7099.813 Thread 0x00007f4da80ab800 6273       1       sun.security.ssl.EngineArgs::getAppRemaining (5 bytes)
Event: 7099.813 Thread 0x00007f4da80ab800 nmethod 6273 0x00007f4d99b72a50 code [0x00007f4d99b72ba0, 0x00007f4d99b72cb0]
Event: 7099.823 Thread 0x00007f4da80ab800 6274       3       java.math.MutableBigInteger::divideMagnitude (1307 bytes)
Event: 7099.829 Thread 0x00007f4da80a8800 nmethod 6269 0x00007f4d998c4010 code [0x00007f4d998c4160, 0x00007f4d998c4358]
Event: 7099.829 Thread 0x00007f4da80a8800 6270       4       java.util.regex.Pattern$Slice::match (79 bytes)

GC Heap History (10 events):
Event: 4.503 GC heap before
{Heap before GC invocations=3 (full 1):
 PSYoungGen      total 305664K, used 104924K [0x00000000eab00000, 0x0000000100000000, 0x0000000100000000)
  eden space 262144K, 40% used [0x00000000eab00000,0x00000000f11772e8,0x00000000fab00000)
  from space 43520K, 0% used [0x00000000fab00000,0x00000000fab00000,0x00000000fd580000)
  to   space 43520K, 0% used [0x00000000fd580000,0x00000000fd580000,0x0000000100000000)
 ParOldGen       total 699392K, used 15636K [0x00000000c0000000, 0x00000000eab00000, 0x00000000eab00000)
  object space 699392K, 2% used [0x00000000c0000000,0x00000000c0f452b8,0x00000000eab00000)
 Metaspace       used 34936K, capacity 35212K, committed 35496K, reserved 1079296K
  class space    used 5528K, capacity 5613K, committed 5632K, reserved 1048576K
Event: 4.533 GC heap after
Heap after GC invocations=3 (full 1):
 PSYoungGen      total 305664K, used 14022K [0x00000000eab00000, 0x0000000100000000, 0x0000000100000000)
  eden space 262144K, 0% used [0x00000000eab00000,0x00000000eab00000,0x00000000fab00000)
  from space 43520K, 32% used [0x00000000fd580000,0x00000000fe331950,0x0000000100000000)
  to   space 43520K, 0% used [0x00000000fab00000,0x00000000fab00000,0x00000000fd580000)
 ParOldGen       total 699392K, used 15644K [0x00000000c0000000, 0x00000000eab00000, 0x00000000eab00000)
  object space 699392K, 2% used [0x00000000c0000000,0x00000000c0f472b8,0x00000000eab00000)
 Metaspace       used 34936K, capacity 35212K, committed 35496K, reserved 1079296K
  class space    used 5528K, capacity 5613K, committed 5632K, reserved 1048576K
}
Event: 4.533 GC heap before
{Heap before GC invocations=4 (full 2):
 PSYoungGen      total 305664K, used 14022K [0x00000000eab00000, 0x0000000100000000, 0x0000000100000000)
  eden space 262144K, 0% used [0x00000000eab00000,0x00000000eab00000,0x00000000fab00000)
  from space 43520K, 32% used [0x00000000fd580000,0x00000000fe331950,0x0000000100000000)
  to   space 43520K, 0% used [0x00000000fab00000,0x00000000fab00000,0x00000000fd580000)
 ParOldGen       total 699392K, used 15644K [0x00000000c0000000, 0x00000000eab00000, 0x00000000eab00000)
  object space 699392K, 2% used [0x00000000c0000000,0x00000000c0f472b8,0x00000000eab00000)
 Metaspace       used 34936K, capacity 35212K, committed 35496K, reserved 1079296K
  class space    used 5528K, capacity 5613K, committed 5632K, reserved 1048576K
Event: 4.612 GC heap after
Heap after GC invocations=4 (full 2):
 PSYoungGen      total 305664K, used 0K [0x00000000eab00000, 0x0000000100000000, 0x0000000100000000)
  eden space 262144K, 0% used [0x00000000eab00000,0x00000000eab00000,0x00000000fab00000)
  from space 43520K, 0% used [0x00000000fd580000,0x00000000fd580000,0x0000000100000000)
  to   space 43520K, 0% used [0x00000000fab00000,0x00000000fab00000,0x00000000fd580000)
 ParOldGen       total 699392K, used 17269K [0x00000000c0000000, 0x00000000eab00000, 0x00000000eab00000)
  object space 699392K, 2% used [0x00000000c0000000,0x00000000c10dd580,0x00000000eab00000)
 Metaspace       used 34936K, capacity 35212K, committed 35496K, reserved 1079296K
  class space    used 5528K, capacity 5613K, committed 5632K, reserved 1048576K
}
Event: 7.899 GC heap before
{Heap before GC invocations=5 (full 2):
 PSYoungGen      total 305664K, used 192014K [0x00000000eab00000, 0x0000000100000000, 0x0000000100000000)
  eden space 262144K, 73% used [0x00000000eab00000,0x00000000f6683958,0x00000000fab00000)
  from space 43520K, 0% used [0x00000000fd580000,0x00000000fd580000,0x0000000100000000)
  to   space 43520K, 0% used [0x00000000fab00000,0x00000000fab00000,0x00000000fd580000)
 ParOldGen       total 699392K, used 17269K [0x00000000c0000000, 0x00000000eab00000, 0x00000000eab00000)
  object space 699392K, 2% used [0x00000000c0000000,0x00000000c10dd580,0x00000000eab00000)
 Metaspace       used 58355K, capacity 58708K, committed 59160K, reserved 1099776K
  class space    used 9456K, capacity 9572K, committed 9600K, reserved 1048576K
Event: 7.944 GC heap after
Heap after GC invocations=5 (full 2):
 PSYoungGen      total 305664K, used 26730K [0x00000000eab00000, 0x0000000100000000, 0x0000000100000000)
  eden space 262144K, 0% used [0x00000000eab00000,0x00000000eab00000,0x00000000fab00000)
  from space 43520K, 61% used [0x00000000fab00000,0x00000000fc51ab38,0x00000000fd580000)
  to   space 43520K, 0% used [0x00000000fd580000,0x00000000fd580000,0x0000000100000000)
 ParOldGen       total 699392K, used 17269K [0x00000000c0000000, 0x00000000eab00000, 0x00000000eab00000)
  object space 699392K, 2% used [0x00000000c0000000,0x00000000c10dd580,0x00000000eab00000)
 Metaspace       used 58355K, capacity 58708K, committed 59160K, reserved 1099776K
  class space    used 9456K, capacity 9572K, committed 9600K, reserved 1048576K
}
Event: 7.944 GC heap before
{Heap before GC invocations=6 (full 3):
 PSYoungGen      total 305664K, used 26730K [0x00000000eab00000, 0x0000000100000000, 0x0000000100000000)
  eden space 262144K, 0% used [0x00000000eab00000,0x00000000eab00000,0x00000000fab00000)
  from space 43520K, 61% used [0x00000000fab00000,0x00000000fc51ab38,0x00000000fd580000)
  to   space 43520K, 0% used [0x00000000fd580000,0x00000000fd580000,0x0000000100000000)
 ParOldGen       total 699392K, used 17269K [0x00000000c0000000, 0x00000000eab00000, 0x00000000eab00000)
  object space 699392K, 2% used [0x00000000c0000000,0x00000000c10dd580,0x00000000eab00000)
 Metaspace       used 58355K, capacity 58708K, committed 59160K, reserved 1099776K
  class space    used 9456K, capacity 9572K, committed 9600K, reserved 1048576K
Event: 8.121 GC heap after
Heap after GC invocations=6 (full 3):
 PSYoungGen      total 305664K, used 0K [0x00000000eab00000, 0x0000000100000000, 0x0000000100000000)
  eden space 262144K, 0% used [0x00000000eab00000,0x00000000eab00000,0x00000000fab00000)
  from space 43520K, 0% used [0x00000000fab00000,0x00000000fab00000,0x00000000fd580000)
  to   space 43520K, 0% used [0x00000000fd580000,0x00000000fd580000,0x0000000100000000)
 ParOldGen       total 699392K, used 31798K [0x00000000c0000000, 0x00000000eab00000, 0x00000000eab00000)
  object space 699392K, 4% used [0x00000000c0000000,0x00000000c1f0d998,0x00000000eab00000)
 Metaspace       used 58340K, capacity 58684K, committed 59160K, reserved 1099776K
  class space    used 9454K, capacity 9568K, committed 9600K, reserved 1048576K
}
Event: 7070.306 GC heap before
{Heap before GC invocations=7 (full 3):
 PSYoungGen      total 305664K, used 262144K [0x00000000eab00000, 0x0000000100000000, 0x0000000100000000)
  eden space 262144K, 100% used [0x00000000eab00000,0x00000000fab00000,0x00000000fab00000)
  from space 43520K, 0% used [0x00000000fab00000,0x00000000fab00000,0x00000000fd580000)
  to   space 43520K, 0% used [0x00000000fd580000,0x00000000fd580000,0x0000000100000000)
 ParOldGen       total 699392K, used 31798K [0x00000000c0000000, 0x00000000eab00000, 0x00000000eab00000)
  object space 699392K, 4% used [0x00000000c0000000,0x00000000c1f0d998,0x00000000eab00000)
 Metaspace       used 73198K, capacity 73554K, committed 74240K, reserved 1112064K
  class space    used 11839K, capacity 11977K, committed 12032K, reserved 1048576K
Event: 7070.331 GC heap after
Heap after GC invocations=7 (full 3):
 PSYoungGen      total 305664K, used 15841K [0x00000000eab00000, 0x0000000100000000, 0x0000000100000000)
  eden space 262144K, 0% used [0x00000000eab00000,0x00000000eab00000,0x00000000fab00000)
  from space 43520K, 36% used [0x00000000fd580000,0x00000000fe4f87f0,0x0000000100000000)
  to   space 43520K, 0% used [0x00000000fab00000,0x00000000fab00000,0x00000000fd580000)
 ParOldGen       total 699392K, used 31806K [0x00000000c0000000, 0x00000000eab00000, 0x00000000eab00000)
  object space 699392K, 4% used [0x00000000c0000000,0x00000000c1f0f998,0x00000000eab00000)
 Metaspace       used 73198K, capacity 73554K, committed 74240K, reserved 1112064K
  class space    used 11839K, capacity 11977K, committed 12032K, reserved 1048576K
}

Deoptimization events (10 events):
Event: 7030.041 Thread 0x00007f4d84307800 Uncommon trap: reason=bimorphic action=maybe_recompile pc=0x00007f4d9972497c method=java.util.Hashtable.get(Ljava/lang/Object;)Ljava/lang/Object; @ 45
Event: 7049.826 Thread 0x00007f4da8607000 Uncommon trap: reason=unstable_if action=reinterpret pc=0x00007f4d99ce2858 method=scala.concurrent.forkjoin.ForkJoinPool.scan(Lscala/concurrent/forkjoin/ForkJoinPool$WorkQueue;)Lscala/concurrent/forkjoin/ForkJoinTask; @ 317
Event: 7060.316 Thread 0x00007f4d58058000 Uncommon trap: reason=unstable_if action=reinterpret pc=0x00007f4d99d4f0f0 method=scala.concurrent.forkjoin.ForkJoinPool.scan(Lscala/concurrent/forkjoin/ForkJoinPool$WorkQueue;)Lscala/concurrent/forkjoin/ForkJoinTask; @ 185
Event: 7067.148 Thread 0x00007f4d84307800 Uncommon trap: reason=unstable_if action=reinterpret pc=0x00007f4d99d5ac98 method=scala.concurrent.forkjoin.ForkJoinPool.scan(Lscala/concurrent/forkjoin/ForkJoinPool$WorkQueue;)Lscala/concurrent/forkjoin/ForkJoinTask; @ 487
Event: 7090.330 Thread 0x00007f4da8607000 Uncommon trap: reason=unstable_if action=reinterpret pc=0x00007f4d99d7f590 method=scala.concurrent.forkjoin.ForkJoinPool.scan(Lscala/concurrent/forkjoin/ForkJoinPool$WorkQueue;)Lscala/concurrent/forkjoin/ForkJoinTask; @ 642
Event: 7090.330 Thread 0x00007f4d60381000 Uncommon trap: reason=unstable_if action=reinterpret pc=0x00007f4d99d7f590 method=scala.concurrent.forkjoin.ForkJoinPool.scan(Lscala/concurrent/forkjoin/ForkJoinPool$WorkQueue;)Lscala/concurrent/forkjoin/ForkJoinTask; @ 642
Event: 7090.330 Thread 0x00007f4d84307800 Uncommon trap: reason=unstable_if action=reinterpret pc=0x00007f4d99d7f590 method=scala.concurrent.forkjoin.ForkJoinPool.scan(Lscala/concurrent/forkjoin/ForkJoinPool$WorkQueue;)Lscala/concurrent/forkjoin/ForkJoinTask; @ 642
Event: 7090.330 Thread 0x00007f4d58058000 Uncommon trap: reason=unstable_if action=reinterpret pc=0x00007f4d99d7f590 method=scala.concurrent.forkjoin.ForkJoinPool.scan(Lscala/concurrent/forkjoin/ForkJoinPool$WorkQueue;)Lscala/concurrent/forkjoin/ForkJoinTask; @ 642
Event: 7090.330 Thread 0x00007f4d60384000 Uncommon trap: reason=unstable_if action=reinterpret pc=0x00007f4d99d7f590 method=scala.concurrent.forkjoin.ForkJoinPool.scan(Lscala/concurrent/forkjoin/ForkJoinPool$WorkQueue;)Lscala/concurrent/forkjoin/ForkJoinTask; @ 642
Event: 7090.330 Thread 0x00007f4d58019000 Uncommon trap: reason=unstable_if action=reinterpret pc=0x00007f4d99d7f590 method=scala.concurrent.forkjoin.ForkJoinPool.scan(Lscala/concurrent/forkjoin/ForkJoinPool$WorkQueue;)Lscala/concurrent/forkjoin/ForkJoinTask; @ 642

Internal exceptions (10 events):
Event: 7083.748 Thread 0x00007f4d842a2800 Exception <a 'java/net/ConnectException'> (0x00000000eb42a838) thrown at [/RE-WORK/workspace/8-2-build-linux-amd64/jdk8u45/3457/hotspot/src/share/vm/prims/jni.cpp, line 709]
Event: 7085.143 Thread 0x00007f4d842a2800 Exception <a 'java/net/ConnectException'> (0x00000000eb42c4b0) thrown at [/RE-WORK/workspace/8-2-build-linux-amd64/jdk8u45/3457/hotspot/src/share/vm/prims/jni.cpp, line 709]
Event: 7086.753 Thread 0x00007f4d842a2800 Exception <a 'java/net/ConnectException'> (0x00000000eb42e128) thrown at [/RE-WORK/workspace/8-2-build-linux-amd64/jdk8u45/3457/hotspot/src/share/vm/prims/jni.cpp, line 709]
Event: 7088.628 Thread 0x00007f4d842a2800 Exception <a 'java/net/ConnectException'> (0x00000000eb42fda0) thrown at [/RE-WORK/workspace/8-2-build-linux-amd64/jdk8u45/3457/hotspot/src/share/vm/prims/jni.cpp, line 709]
Event: 7090.444 Thread 0x00007f4d842a2800 Exception <a 'java/net/ConnectException'> (0x00000000eb431a18) thrown at [/RE-WORK/workspace/8-2-build-linux-amd64/jdk8u45/3457/hotspot/src/share/vm/prims/jni.cpp, line 709]
Event: 7091.808 Thread 0x00007f4d842a2800 Exception <a 'java/net/ConnectException'> (0x00000000eb433690) thrown at [/RE-WORK/workspace/8-2-build-linux-amd64/jdk8u45/3457/hotspot/src/share/vm/prims/jni.cpp, line 709]
Event: 7093.194 Thread 0x00007f4d842a2800 Exception <a 'java/net/ConnectException'> (0x00000000eb435308) thrown at [/RE-WORK/workspace/8-2-build-linux-amd64/jdk8u45/3457/hotspot/src/share/vm/prims/jni.cpp, line 709]
Event: 7095.276 Thread 0x00007f4d842a2800 Exception <a 'java/net/ConnectException'> (0x00000000eb436f80) thrown at [/RE-WORK/workspace/8-2-build-linux-amd64/jdk8u45/3457/hotspot/src/share/vm/prims/jni.cpp, line 709]
Event: 7096.807 Thread 0x00007f4d842a2800 Exception <a 'java/net/ConnectException'> (0x00000000eb438bf8) thrown at [/RE-WORK/workspace/8-2-build-linux-amd64/jdk8u45/3457/hotspot/src/share/vm/prims/jni.cpp, line 709]
Event: 7098.437 Thread 0x00007f4d842a2800 Exception <a 'java/net/ConnectException'> (0x00000000eb43a870) thrown at [/RE-WORK/workspace/8-2-build-linux-amd64/jdk8u45/3457/hotspot/src/share/vm/prims/jni.cpp, line 709]

Events (10 events):
Event: 7097.636 Executing VM operation: RevokeBias
Event: 7097.643 Executing VM operation: RevokeBias done
Event: 7099.820 Executing VM operation: RevokeBias
Event: 7099.821 Executing VM operation: RevokeBias done
Event: 7099.821 Executing VM operation: RevokeBias
Event: 7099.821 Executing VM operation: RevokeBias done
Event: 7099.821 Executing VM operation: RevokeBias
Event: 7099.821 Executing VM operation: RevokeBias done
Event: 7099.821 Executing VM operation: RevokeBias
Event: 7099.821 Executing VM operation: RevokeBias done


Dynamic libraries:
00400000-00401000 r-xp 00000000 ca:01 263646                             /usr/lib/jvm/jdk1.8.0_45/jre/bin/java
00600000-00601000 rw-p 00000000 ca:01 263646                             /usr/lib/jvm/jdk1.8.0_45/jre/bin/java
00adb000-00b61000 rw-p 00000000 00:00 0                                  [heap]
c0000000-100bc0000 rw-p 00000000 00:00 0 
100bc0000-140000000 ---p 00000000 00:00 0 
7f4d4df7c000-7f4d4e03c000 rw-p 00000000 00:00 0 
7f4d4e03c000-7f4d4e17c000 ---p 00000000 00:00 0 
7f4d4e17c000-7f4d4e37c000 rw-p 00000000 00:00 0 
7f4d4e37c000-7f4d4e57c000 rw-p 00000000 00:00 0 
7f4d4e57c000-7f4d4e77c000 rw-p 00000000 00:00 0 
7f4d4e77c000-7f4d4e97c000 rw-p 00000000 00:00 0 
7f4d4e97c000-7f4d4e97f000 ---p 00000000 00:00 0 
7f4d4e97f000-7f4d4ea7d000 rw-p 00000000 00:00 0 
7f4d4ea7d000-7f4d4ea80000 ---p 00000000 00:00 0 
7f4d4ea80000-7f4d4ed7e000 rw-p 00000000 00:00 0 
7f4d4ed7e000-7f4d4ed81000 ---p 00000000 00:00 0 
7f4d4ed81000-7f4d4ee7f000 rw-p 00000000 00:00 0 
7f4d4ee7f000-7f4d4ee82000 ---p 00000000 00:00 0 
7f4d4ee82000-7f4d4ef80000 rw-p 00000000 00:00 0 
7f4d4ef80000-7f4d4ef83000 ---p 00000000 00:00 0 
7f4d4ef83000-7f4d4f281000 rw-p 00000000 00:00 0 
7f4d4f281000-7f4d4f284000 ---p 00000000 00:00 0 
7f4d4f284000-7f4d4f382000 rw-p 00000000 00:00 0 
7f4d4f382000-7f4d4f385000 ---p 00000000 00:00 0 
7f4d4f385000-7f4d4f483000 rw-p 00000000 00:00 0 
7f4d4f58a000-7f4d4f78a000 rw-p 00000000 00:00 0 
7f4d4f78a000-7f4d4f98a000 rw-p 00000000 00:00 0 
7f4d4f98a000-7f4d4fb8a000 rw-p 00000000 00:00 0 
7f4d4fb8a000-7f4d4fb8d000 ---p 00000000 00:00 0 
7f4d4fb8d000-7f4d4fe8b000 rw-p 00000000 00:00 0 
7f4d4fe8b000-7f4d4fe8e000 ---p 00000000 00:00 0 
7f4d4fe8e000-7f4d4ff8c000 rw-p 00000000 00:00 0 
7f4d4ff8c000-7f4d4ff8f000 ---p 00000000 00:00 0 
7f4d4ff8f000-7f4d5008d000 rw-p 00000000 00:00 0 
7f4d5008d000-7f4d50090000 ---p 00000000 00:00 0 
7f4d50090000-7f4d5018e000 rw-p 00000000 00:00 0 
7f4d5018e000-7f4d50191000 ---p 00000000 00:00 0 
7f4d50191000-7f4d5028f000 rw-p 00000000 00:00 0 
7f4d5028f000-7f4d50292000 ---p 00000000 00:00 0 
7f4d50292000-7f4d50390000 rw-p 00000000 00:00 0 
7f4d50390000-7f4d50393000 ---p 00000000 00:00 0 
7f4d50393000-7f4d50491000 rw-p 00000000 00:00 0 
7f4d50491000-7f4d50494000 ---p 00000000 00:00 0 
7f4d50494000-7f4d50592000 rw-p 00000000 00:00 0 
7f4d50592000-7f4d50595000 ---p 00000000 00:00 0 
7f4d50595000-7f4d50693000 rw-p 00000000 00:00 0 
7f4d50693000-7f4d50696000 ---p 00000000 00:00 0 
7f4d50696000-7f4d50794000 rw-p 00000000 00:00 0 
7f4d50794000-7f4d50797000 ---p 00000000 00:00 0 
7f4d50797000-7f4d50895000 rw-p 00000000 00:00 0 
7f4d50895000-7f4d50898000 ---p 00000000 00:00 0 
7f4d50898000-7f4d50996000 rw-p 00000000 00:00 0 
7f4d50996000-7f4d50999000 ---p 00000000 00:00 0 
7f4d50999000-7f4d50a97000 rw-p 00000000 00:00 0 
7f4d50a97000-7f4d50a9a000 ---p 00000000 00:00 0 
7f4d50a9a000-7f4d50d98000 rw-p 00000000 00:00 0 
7f4d50d98000-7f4d50d9b000 ---p 00000000 00:00 0 
7f4d50d9b000-7f4d50e99000 rw-p 00000000 00:00 0 
7f4d50e99000-7f4d50e9c000 ---p 00000000 00:00 0 
7f4d50e9c000-7f4d50f9a000 rw-p 00000000 00:00 0 
7f4d50f9a000-7f4d50f9d000 ---p 00000000 00:00 0 
7f4d50f9d000-7f4d5109b000 rw-p 00000000 00:00 0 
7f4d5109b000-7f4d5109e000 ---p 00000000 00:00 0 
7f4d5109e000-7f4d5119c000 rw-p 00000000 00:00 0 
7f4d5119c000-7f4d5119f000 ---p 00000000 00:00 0 
7f4d5119f000-7f4d5129d000 rw-p 00000000 00:00 0 
7f4d5129d000-7f4d512a0000 ---p 00000000 00:00 0 
7f4d512a0000-7f4d5139e000 rw-p 00000000 00:00 0 
7f4d5139e000-7f4d513a1000 ---p 00000000 00:00 0 
7f4d513a1000-7f4d5149f000 rw-p 00000000 00:00 0 
7f4d5149f000-7f4d514a2000 ---p 00000000 00:00 0 
7f4d514a2000-7f4d515a0000 rw-p 00000000 00:00 0 
7f4d515a0000-7f4d515a3000 ---p 00000000 00:00 0 
7f4d515a3000-7f4d516a1000 rw-p 00000000 00:00 0 
7f4d516a1000-7f4d516a4000 ---p 00000000 00:00 0 
7f4d516a4000-7f4d517a2000 rw-p 00000000 00:00 0 
7f4d517a2000-7f4d517a5000 ---p 00000000 00:00 0 
7f4d517a5000-7f4d518a3000 rw-p 00000000 00:00 0 
7f4d518a3000-7f4d518a6000 ---p 00000000 00:00 0 
7f4d518a6000-7f4d519a4000 rw-p 00000000 00:00 0 
7f4d519a4000-7f4d519a7000 ---p 00000000 00:00 0 
7f4d519a7000-7f4d51aa5000 rw-p 00000000 00:00 0 
7f4d51aa5000-7f4d51aa8000 ---p 00000000 00:00 0 
7f4d51aa8000-7f4d51ba6000 rw-p 00000000 00:00 0 
7f4d51ba6000-7f4d51ba9000 ---p 00000000 00:00 0 
7f4d51ba9000-7f4d51ea7000 rw-p 00000000 00:00 0 
7f4d51ea7000-7f4d51ea8000 r-xp 00000000 ca:01 263876                     /usr/lib/jvm/jdk1.8.0_45/jre/lib/amd64/libjaas_unix.so
7f4d51ea8000-7f4d520a7000 ---p 00001000 ca:01 263876                     /usr/lib/jvm/jdk1.8.0_45/jre/lib/amd64/libjaas_unix.so
7f4d520a7000-7f4d520a8000 rw-p 00000000 ca:01 263876                     /usr/lib/jvm/jdk1.8.0_45/jre/lib/amd64/libjaas_unix.so
7f4d520a8000-7f4d522a8000 rw-p 00000000 00:00 0 
7f4d522a8000-7f4d524a8000 rw-p 00000000 00:00 0 
7f4d524a8000-7f4d524bd000 r-xp 00000000 ca:01 396364                     /lib64/libgcc_s-4.8.3-20140911.so.1
7f4d524bd000-7f4d526bd000 ---p 00015000 ca:01 396364                     /lib64/libgcc_s-4.8.3-20140911.so.1
7f4d526bd000-7f4d526be000 rw-p 00015000 ca:01 396364                     /lib64/libgcc_s-4.8.3-20140911.so.1
7f4d526be000-7f4d526f0000 r-xp 00000000 ca:01 263900                     /usr/lib/jvm/jdk1.8.0_45/jre/lib/amd64/libsunec.so
7f4d526f0000-7f4d528ef000 ---p 00032000 ca:01 263900                     /usr/lib/jvm/jdk1.8.0_45/jre/lib/amd64/libsunec.so
7f4d528ef000-7f4d528f5000 rw-p 00031000 ca:01 263900                     /usr/lib/jvm/jdk1.8.0_45/jre/lib/amd64/libsunec.so
7f4d528f5000-7f4d52b05000 rw-p 00000000 00:00 0 
7f4d52b05000-7f4d52b08000 ---p 00000000 00:00 0 
7f4d52b08000-7f4d52c06000 rw-p 00000000 00:00 0 
7f4d52c06000-7f4d52c09000 ---p 00000000 00:00 0 
7f4d52c09000-7f4d52d07000 rw-p 00000000 00:00 0 
7f4d52dcd000-7f4d52fcd000 rw-p 00000000 00:00 0 
7f4d52fcd000-7f4d531cd000 rw-p 00000000 00:00 0 
7f4d531cd000-7f4d533cd000 rw-p 00000000 00:00 0 
7f4d533cd000-7f4d533d0000 ---p 00000000 00:00 0 
7f4d533d0000-7f4d534ce000 rw-p 00000000 00:00 0 
7f4d534ce000-7f4d534d1000 ---p 00000000 00:00 0 
7f4d534d1000-7f4d535cf000 rw-p 00000000 00:00 0 
7f4d535cf000-7f4d535d2000 ---p 00000000 00:00 0 
7f4d535d2000-7f4d536d0000 rw-p 00000000 00:00 0 
7f4d536d0000-7f4d536d3000 ---p 00000000 00:00 0 
7f4d536d3000-7f4d537d1000 rw-p 00000000 00:00 0 
7f4d537d1000-7f4d537d4000 ---p 00000000 00:00 0 
7f4d537d4000-7f4d538d2000 rw-p 00000000 00:00 0 
7f4d538d2000-7f4d538d5000 ---p 00000000 00:00 0 
7f4d538d5000-7f4d539d3000 rw-p 00000000 00:00 0 
7f4d539d3000-7f4d539d6000 ---p 00000000 00:00 0 
7f4d539d6000-7f4d53ad4000 rw-p 00000000 00:00 0 
7f4d53ad4000-7f4d53ae5000 r-xp 00000000 ca:01 263865                     /usr/lib/jvm/jdk1.8.0_45/jre/lib/amd64/libnio.so
7f4d53ae5000-7f4d53ce4000 ---p 00011000 ca:01 263865                     /usr/lib/jvm/jdk1.8.0_45/jre/lib/amd64/libnio.so
7f4d53ce4000-7f4d53ce5000 rw-p 00010000 ca:01 263865                     /usr/lib/jvm/jdk1.8.0_45/jre/lib/amd64/libnio.so
7f4d53ce5000-7f4d53ce8000 ---p 00000000 00:00 0 
7f4d53ce8000-7f4d53de6000 rw-p 00000000 00:00 0 
7f4d53de6000-7f4d53dfc000 r-xp 00000000 ca:01 396399                     /lib64/libresolv-2.17.so
7f4d53dfc000-7f4d53ffc000 ---p 00016000 ca:01 396399                     /lib64/libresolv-2.17.so
7f4d53ffc000-7f4d53ffd000 r--p 00016000 ca:01 396399                     /lib64/libresolv-2.17.so
7f4d53ffd000-7f4d53ffe000 rw-p 00017000 ca:01 396399                     /lib64/libresolv-2.17.so
7f4d53ffe000-7f4d54000000 rw-p 00000000 00:00 0 
7f4d54000000-7f4d541b5000 rw-p 00000000 00:00 0 
7f4d541b5000-7f4d58000000 ---p 00000000 00:00 0 
7f4d58000000-7f4d5806e000 rw-p 00000000 00:00 0 
7f4d5806e000-7f4d5c000000 ---p 00000000 00:00 0 
7f4d5c000000-7f4d5c30c000 rw-p 00000000 00:00 0 
7f4d5c30c000-7f4d60000000 ---p 00000000 00:00 0 
7f4d60000000-7f4d60b2f000 rw-p 00000000 00:00 0 
7f4d60b2f000-7f4d64000000 ---p 00000000 00:00 0 
7f4d64000000-7f4d640a3000 rw-p 00000000 00:00 0 
7f4d640a3000-7f4d68000000 ---p 00000000 00:00 0 
7f4d68000000-7f4d6808d000 rw-p 00000000 00:00 0 
7f4d6808d000-7f4d6c000000 ---p 00000000 00:00 0 
7f4d6c000000-7f4d6dad7000 rw-p 00000000 00:00 0 
7f4d6dad7000-7f4d70000000 ---p 00000000 00:00 0 
7f4d70000000-7f4d71021000 rw-p 00000000 00:00 0 
7f4d71021000-7f4d74000000 ---p 00000000 00:00 0 
7f4d74000000-7f4d74021000 rw-p 00000000 00:00 0 
7f4d74021000-7f4d78000000 ---p 00000000 00:00 0 
7f4d7809a000-7f4d780ad000 r--s 00344000 ca:01 263838                     /usr/lib/jvm/jdk1.8.0_45/jre/lib/resources.jar
7f4d780ad000-7f4d780b2000 r-xp 00000000 ca:01 396387                     /lib64/libnss_dns-2.17.so
7f4d780b2000-7f4d782b1000 ---p 00005000 ca:01 396387                     /lib64/libnss_dns-2.17.so
7f4d782b1000-7f4d782b2000 r--p 00004000 ca:01 396387                     /lib64/libnss_dns-2.17.so
7f4d782b2000-7f4d782b3000 rw-p 00005000 ca:01 396387                     /lib64/libnss_dns-2.17.so
7f4d782b3000-7f4d782b6000 ---p 00000000 00:00 0 
7f4d782b6000-7f4d785b4000 rw-p 00000000 00:00 0 
7f4d785b4000-7f4d787b4000 rw-p 00000000 00:00 0 
7f4d787b4000-7f4d787bc000 r-xp 00000000 ca:01 263878                     /usr/lib/jvm/jdk1.8.0_45/jre/lib/amd64/libmanagement.so
7f4d787bc000-7f4d789bc000 ---p 00008000 ca:01 263878                     /usr/lib/jvm/jdk1.8.0_45/jre/lib/amd64/libmanagement.so
7f4d789bc000-7f4d789bd000 rw-p 00008000 ca:01 263878                     /usr/lib/jvm/jdk1.8.0_45/jre/lib/amd64/libmanagement.so
7f4d789bd000-7f4d78bbd000 rw-p 00000000 00:00 0 
7f4d78bbd000-7f4d78bd3000 r-xp 00000000 ca:01 263891                     /usr/lib/jvm/jdk1.8.0_45/jre/lib/amd64/libnet.so
7f4d78bd3000-7f4d78dd3000 ---p 00016000 ca:01 263891                     /usr/lib/jvm/jdk1.8.0_45/jre/lib/amd64/libnet.so
7f4d78dd3000-7f4d78dd4000 rw-p 00016000 ca:01 263891                     /usr/lib/jvm/jdk1.8.0_45/jre/lib/amd64/libnet.so
7f4d78dd4000-7f4d78fd4000 rw-p 00000000 00:00 0 
7f4d78fd4000-7f4d791d4000 rw-p 00000000 00:00 0 
7f4d791d4000-7f4d793d4000 rw-p 00000000 00:00 0 
7f4d793d4000-7f4d793d7000 ---p 00000000 00:00 0 
7f4d793d7000-7f4d794d5000 rw-p 00000000 00:00 0 
7f4d794d5000-7f4d794d8000 ---p 00000000 00:00 0 
7f4d794d8000-7f4d795d6000 rw-p 00000000 00:00 0 
7f4d795d6000-7f4d795d9000 ---p 00000000 00:00 0 
7f4d795d9000-7f4d798d7000 rw-p 00000000 00:00 0 
7f4d798d7000-7f4d798da000 ---p 00000000 00:00 0 
7f4d798da000-7f4d799d8000 rw-p 00000000 00:00 0 
7f4d799d8000-7f4d799db000 ---p 00000000 00:00 0 
7f4d799db000-7f4d79ad9000 rw-p 00000000 00:00 0 
7f4d79ad9000-7f4d80000000 r--p 00000000 ca:01 423436                     /usr/lib/locale/locale-archive
7f4d80000000-7f4d800d2000 rw-p 00000000 00:00 0 
7f4d800d2000-7f4d84000000 ---p 00000000 00:00 0 
7f4d84000000-7f4d8432a000 rw-p 00000000 00:00 0 
7f4d8432a000-7f4d88000000 ---p 00000000 00:00 0 
7f4d88000000-7f4d88085000 rw-p 00000000 00:00 0 
7f4d88085000-7f4d8c000000 ---p 00000000 00:00 0 
7f4d8c000000-7f4d8c021000 rw-p 00000000 00:00 0 
7f4d8c021000-7f4d90000000 ---p 00000000 00:00 0 
7f4d90012000-7f4d90212000 rw-p 00000000 00:00 0 
7f4d90212000-7f4d9097a000 r--s 0657b000 ca:01 408215                     /home/ec2-user/PredictionIO-0.9.6/lib/pio-assembly-0.9.6.jar
7f4d9097a000-7f4d90b3b000 rw-p 00000000 00:00 0 
7f4d90b3b000-7f4d916f7000 r--s 0a3be000 ca:01 408936                     /home/ec2-user/PredictionIO-0.9.6/vendors/spark-1.5.1-bin-hadoop2.6/lib/spark-assembly-1.5.1-hadoop2.6.0.jar
7f4d916f7000-7f4d916f8000 ---p 00000000 00:00 0 
7f4d916f8000-7f4d917f8000 rw-p 00000000 00:00 0 
7f4d917f8000-7f4d917fb000 ---p 00000000 00:00 0 
7f4d917fb000-7f4d918f9000 rw-p 00000000 00:00 0 
7f4d918f9000-7f4d918fc000 ---p 00000000 00:00 0 
7f4d918fc000-7f4d919fa000 rw-p 00000000 00:00 0 
7f4d919fa000-7f4d919fd000 ---p 00000000 00:00 0 
7f4d919fd000-7f4d91afb000 rw-p 00000000 00:00 0 
7f4d91afb000-7f4d91afe000 ---p 00000000 00:00 0 
7f4d91afe000-7f4d91bfc000 rw-p 00000000 00:00 0 
7f4d91bfc000-7f4d91bff000 ---p 00000000 00:00 0 
7f4d91bff000-7f4d91cfd000 rw-p 00000000 00:00 0 
7f4d91cfd000-7f4d91d00000 ---p 00000000 00:00 0 
7f4d91d00000-7f4d91dfe000 rw-p 00000000 00:00 0 
7f4d91dfe000-7f4d91dff000 ---p 00000000 00:00 0 
7f4d91dff000-7f4d94000000 rw-p 00000000 00:00 0 
7f4d94000000-7f4d94038000 rw-p 00000000 00:00 0 
7f4d94038000-7f4d98000000 ---p 00000000 00:00 0 
7f4d98006000-7f4d9800b000 r--s 002f8000 ca:01 263978                     /usr/lib/jvm/jdk1.8.0_45/jre/lib/charsets.jar
7f4d9800b000-7f4d9800e000 ---p 00000000 00:00 0 
7f4d9800e000-7f4d98044000 rw-p 00000000 00:00 0 
7f4d98044000-7f4d98049000 r--s 0003f000 ca:01 263949                     /usr/lib/jvm/jdk1.8.0_45/jre/lib/ext/sunjce_provider.jar
7f4d98049000-7f4d98054000 r--s 00116000 ca:01 263948                     /usr/lib/jvm/jdk1.8.0_45/jre/lib/ext/localedata.jar
7f4d98054000-7f4d98070000 r--s 00393000 ca:01 263950                     /usr/lib/jvm/jdk1.8.0_45/jre/lib/ext/cldrdata.jar
7f4d98070000-7f4d980e3000 r--s 00659000 ca:01 205299                     /home/ec2-user/PIO-MukjaRecommendation/target/scala-2.10/template-scala-parallel-ecommercerecommendation-assembly-0.1-SNAPSHOT-deps.jar
7f4d980e3000-7f4d980f9000 r--s 001a4000 ca:01 408938                     /home/ec2-user/PredictionIO-0.9.6/vendors/spark-1.5.1-bin-hadoop2.6/lib/datanucleus-rdbms-3.2.9.jar
7f4d980f9000-7f4d99000000 rw-p 00000000 00:00 0 
7f4d99000000-7f4d99db0000 rwxp 00000000 00:00 0 
7f4d99dc0000-7f4da8000000 ---p 00000000 00:00 0 
7f4da8000000-7f4da8f57000 rw-p 00000000 00:00 0 
7f4da8f57000-7f4dac000000 ---p 00000000 00:00 0 
7f4dac000000-7f4dac003000 r--s 0003a000 ca:01 263952                     /usr/lib/jvm/jdk1.8.0_45/jre/lib/ext/sunpkcs11.jar
7f4dac003000-7f4dac008000 r--s 00094000 ca:01 263842                     /usr/lib/jvm/jdk1.8.0_45/jre/lib/jsse.jar
7f4dac008000-7f4dac00e000 r--s 00031000 ca:01 152902                     /home/ec2-user/PIO-MukjaRecommendation/target/scala-2.10/template-scala-parallel-ecommercerecommendation_2.10-0.1-SNAPSHOT.jar
7f4dac00e000-7f4dac026000 r--s 001b6000 ca:01 408934                     /home/ec2-user/PredictionIO-0.9.6/vendors/spark-1.5.1-bin-hadoop2.6/lib/datanucleus-core-3.2.10.jar
7f4dac026000-7f4dac1c3000 rw-p 00000000 00:00 0 
7f4dac1c3000-7f4dac39c000 r--s 03d09000 ca:01 263844                     /usr/lib/jvm/jdk1.8.0_45/jre/lib/rt.jar
7f4dac39c000-7f4dac612000 rw-p 00000000 00:00 0 
7f4dac612000-7f4dac613000 ---p 00000000 00:00 0 
7f4dac613000-7f4dac713000 rw-p 00000000 00:00 0 
7f4dac713000-7f4dac714000 ---p 00000000 00:00 0 
7f4dac714000-7f4dacba2000 rw-p 00000000 00:00 0 
7f4dacba2000-7f4dacf2b000 ---p 00000000 00:00 0 
7f4dacf2b000-7f4dacf45000 r-xp 00000000 ca:01 263870                     /usr/lib/jvm/jdk1.8.0_45/jre/lib/amd64/libzip.so
7f4dacf45000-7f4dad145000 ---p 0001a000 ca:01 263870                     /usr/lib/jvm/jdk1.8.0_45/jre/lib/amd64/libzip.so
7f4dad145000-7f4dad146000 rw-p 0001a000 ca:01 263870                     /usr/lib/jvm/jdk1.8.0_45/jre/lib/amd64/libzip.so
7f4dad146000-7f4dad152000 r-xp 00000000 ca:01 396389                     /lib64/libnss_files-2.17.so
7f4dad152000-7f4dad351000 ---p 0000c000 ca:01 396389                     /lib64/libnss_files-2.17.so
7f4dad351000-7f4dad352000 r--p 0000b000 ca:01 396389                     /lib64/libnss_files-2.17.so
7f4dad352000-7f4dad353000 rw-p 0000c000 ca:01 396389                     /lib64/libnss_files-2.17.so
7f4dad353000-7f4dad359000 rw-p 00000000 00:00 0 
7f4dad359000-7f4dad383000 r-xp 00000000 ca:01 263863                     /usr/lib/jvm/jdk1.8.0_45/jre/lib/amd64/libjava.so
7f4dad383000-7f4dad583000 ---p 0002a000 ca:01 263863                     /usr/lib/jvm/jdk1.8.0_45/jre/lib/amd64/libjava.so
7f4dad583000-7f4dad585000 rw-p 0002a000 ca:01 263863                     /usr/lib/jvm/jdk1.8.0_45/jre/lib/amd64/libjava.so
7f4dad585000-7f4dad592000 r-xp 00000000 ca:01 263905                     /usr/lib/jvm/jdk1.8.0_45/jre/lib/amd64/libverify.so
7f4dad592000-7f4dad792000 ---p 0000d000 ca:01 263905                     /usr/lib/jvm/jdk1.8.0_45/jre/lib/amd64/libverify.so
7f4dad792000-7f4dad794000 rw-p 0000d000 ca:01 263905                     /usr/lib/jvm/jdk1.8.0_45/jre/lib/amd64/libverify.so
7f4dad794000-7f4dad79b000 r-xp 00000000 ca:01 396401                     /lib64/librt-2.17.so
7f4dad79b000-7f4dad99a000 ---p 00007000 ca:01 396401                     /lib64/librt-2.17.so
7f4dad99a000-7f4dad99b000 r--p 00006000 ca:01 396401                     /lib64/librt-2.17.so
7f4dad99b000-7f4dad99c000 rw-p 00007000 ca:01 396401                     /lib64/librt-2.17.so
7f4dad99c000-7f4dada9d000 r-xp 00000000 ca:01 396379                     /lib64/libm-2.17.so
7f4dada9d000-7f4dadc9c000 ---p 00101000 ca:01 396379                     /lib64/libm-2.17.so
7f4dadc9c000-7f4dadc9d000 r--p 00100000 ca:01 396379                     /lib64/libm-2.17.so
7f4dadc9d000-7f4dadc9e000 rw-p 00101000 ca:01 396379                     /lib64/libm-2.17.so
7f4dadc9e000-7f4dae94c000 r-xp 00000000 ca:01 263911                     /usr/lib/jvm/jdk1.8.0_45/jre/lib/amd64/server/libjvm.so
7f4dae94c000-7f4daeb4b000 ---p 00cae000 ca:01 263911                     /usr/lib/jvm/jdk1.8.0_45/jre/lib/amd64/server/libjvm.so
7f4daeb4b000-7f4daec22000 rw-p 00cad000 ca:01 263911                     /usr/lib/jvm/jdk1.8.0_45/jre/lib/amd64/server/libjvm.so
7f4daec22000-7f4daec66000 rw-p 00000000 00:00 0 
7f4daec66000-7f4daee1d000 r-xp 00000000 ca:01 396371                     /lib64/libc-2.17.so
7f4daee1d000-7f4daf01d000 ---p 001b7000 ca:01 396371                     /lib64/libc-2.17.so
7f4daf01d000-7f4daf021000 r--p 001b7000 ca:01 396371                     /lib64/libc-2.17.so
7f4daf021000-7f4daf023000 rw-p 001bb000 ca:01 396371                     /lib64/libc-2.17.so
7f4daf023000-7f4daf028000 rw-p 00000000 00:00 0 
7f4daf028000-7f4daf02b000 r-xp 00000000 ca:01 396377                     /lib64/libdl-2.17.so
7f4daf02b000-7f4daf22a000 ---p 00003000 ca:01 396377                     /lib64/libdl-2.17.so
7f4daf22a000-7f4daf22b000 r--p 00002000 ca:01 396377                     /lib64/libdl-2.17.so
7f4daf22b000-7f4daf22c000 rw-p 00003000 ca:01 396377                     /lib64/libdl-2.17.so
7f4daf22c000-7f4daf241000 r-xp 00000000 ca:01 263872                     /usr/lib/jvm/jdk1.8.0_45/jre/lib/amd64/jli/libjli.so
7f4daf241000-7f4daf441000 ---p 00015000 ca:01 263872                     /usr/lib/jvm/jdk1.8.0_45/jre/lib/amd64/jli/libjli.so
7f4daf441000-7f4daf442000 rw-p 00015000 ca:01 263872                     /usr/lib/jvm/jdk1.8.0_45/jre/lib/amd64/jli/libjli.so
7f4daf442000-7f4daf458000 r-xp 00000000 ca:01 396397                     /lib64/libpthread-2.17.so
7f4daf458000-7f4daf658000 ---p 00016000 ca:01 396397                     /lib64/libpthread-2.17.so
7f4daf658000-7f4daf659000 r--p 00016000 ca:01 396397                     /lib64/libpthread-2.17.so
7f4daf659000-7f4daf65a000 rw-p 00017000 ca:01 396397                     /lib64/libpthread-2.17.so
7f4daf65a000-7f4daf65e000 rw-p 00000000 00:00 0 
7f4daf65e000-7f4daf67f000 r-xp 00000000 ca:01 423437                     /lib64/ld-2.17.so
7f4daf680000-7f4daf685000 r--s 0004e000 ca:01 408935                     /home/ec2-user/PredictionIO-0.9.6/vendors/spark-1.5.1-bin-hadoop2.6/lib/datanucleus-api-jdo-3.2.6.jar
7f4daf685000-7f4daf76b000 rw-p 00000000 00:00 0 
7f4daf76b000-7f4daf773000 rw-s 00000000 ca:01 154415                     /tmp/hsperfdata_ec2-user/4218
7f4daf773000-7f4daf776000 ---p 00000000 00:00 0 
7f4daf776000-7f4daf878000 rw-p 00000000 00:00 0 
7f4daf878000-7f4daf879000 r--s 00009000 ca:01 263947                     /usr/lib/jvm/jdk1.8.0_45/jre/lib/ext/sunec.jar
7f4daf879000-7f4daf87c000 r--s 0001a000 ca:01 263979                     /usr/lib/jvm/jdk1.8.0_45/jre/lib/jce.jar
7f4daf87c000-7f4daf87d000 rw-p 00000000 00:00 0 
7f4daf87d000-7f4daf87e000 r--p 00000000 00:00 0 
7f4daf87e000-7f4daf87f000 rw-p 00000000 00:00 0 
7f4daf87f000-7f4daf880000 r--p 00021000 ca:01 423437                     /lib64/ld-2.17.so
7f4daf880000-7f4daf881000 rw-p 00022000 ca:01 423437                     /lib64/ld-2.17.so
7f4daf881000-7f4daf882000 rw-p 00000000 00:00 0 
7fff0d592000-7fff0d5b4000 rw-p 00000000 00:00 0                          [stack]
7fff0d5f4000-7fff0d5f6000 r--p 00000000 00:00 0                          [vvar]
7fff0d5f6000-7fff0d5f8000 r-xp 00000000 00:00 0                          [vdso]
ffffffffff600000-ffffffffff601000 r-xp 00000000 00:00 0                  [vsyscall]

VM Arguments:
jvm_args: -Xms1g -Xmx1g 
java_command: org.apache.spark.deploy.SparkSubmit --conf spark.driver.extraClassPath=/home/ec2-user/PredictionIO-0.9.6/conf:/home/ec2-user/PredictionIO-0.9.6/vendors/hbase-1.0.0/conf --class io.prediction.workflow.CreateServer --jars file:/home/ec2-user/PIO-MukjaRecommendation/target/scala-2.10/template-scala-parallel-ecommercerecommendation_2.10-0.1-SNAPSHOT.jar,file:/home/ec2-user/PIO-MukjaRecommendation/target/scala-2.10/template-scala-parallel-ecommercerecommendation-assembly-0.1-SNAPSHOT-deps.jar --files file:/home/ec2-user/PredictionIO-0.9.6/conf/log4j.properties,file:/home/ec2-user/PredictionIO-0.9.6/vendors/hbase-1.0.0/conf/hbase-site.xml file:/home/ec2-user/PredictionIO-0.9.6/lib/pio-assembly-0.9.6.jar --engineInstanceId AVhj5rjmgVe4sTzjVT9I --engine-variant file:/home/ec2-user/PIO-MukjaRecommendation/engine.json --ip 0.0.0.0 --port 8000 --event-server-ip 0.0.0.0 --event-server-port 7070 --json-extractor Both --env PIO_STORAGE_SOURCES_HBASE_TYPE=hbase,PIO_ENV_LOADED=1,PIO_STORAGE_REPOSITORIES_METADATA_NAME=pio_meta,PIO_FS_BASEDIR=/home/ec2-user/.pio_store,PIO_STORAGE_SOURCES_ELASTICSEARCH_HOSTS=localhost,PIO_STORAGE_SOURCES_HBASE_HOME=/home/ec2-user/PredictionIO-0.9.6/vendors/hbase-1.0.0,PIO_HOME=/home/ec2-user/PredictionIO-0.9.6,PIO_FS_ENGINESDIR=/home/ec2-user/.pio_store/engines,PIO_STORAGE_SOURCES_LOCALFS_PATH=/home/ec2-user/.pio_store/models,PIO_STORAGE_SOURCES_ELASTICSEARCH_TYPE=elasticsearch,PIO_STORAGE_REPOSITORIES_METADATA_SOURCE=ELASTICSEARCH,PIO_STORAGE_REPOSITORIES_MODELDATA_SOURCE=LOCALFS,PIO_STORAGE_REPOSITORIES_EVENTDATA_NAME=pio_event,PIO_STORAGE_SOURCES_ELASTICSEARCH_HOME=/home/ec2-user/PredictionIO-0.9.6/vendors/elasticsearch-1.4.4,PIO_FS_TMPDIR=/home/ec2-user/.pio_store/tmp,PIO_STORAGE_REPOSITORIES_MODELDATA_NAME=pio_model,PIO_STORAGE_REPOSITORIES_EVENTDATA_SOURCE=HBASE,PIO_CONF_DIR=/home/ec2-user/PredictionIO-0.9.6/conf,PIO_STORAGE_SOURCES_ELASTICSEARCH_PORTS=9300,PIO_STORAGE_SOURCES_LOCALFS_TYPE=localfs
java_class_path (initial): /home/ec2-user/PredictionIO-0.9.6/conf/:/home/ec2-user/PredictionIO-0.9.6/vendors/hbase-1.0.0/conf/:/home/ec2-user/PredictionIO-0.9.6/vendors/spark-1.5.1-bin-hadoop2.6/conf/:/home/ec2-user/PredictionIO-0.9.6/vendors/spark-1.5.1-bin-hadoop2.6/lib/spark-assembly-1.5.1-hadoop2.6.0.jar:/home/ec2-user/PredictionIO-0.9.6/vendors/spark-1.5.1-bin-hadoop2.6/lib/datanucleus-core-3.2.10.jar:/home/ec2-user/PredictionIO-0.9.6/vendors/spark-1.5.1-bin-hadoop2.6/lib/datanucleus-api-jdo-3.2.6.jar:/home/ec2-user/PredictionIO-0.9.6/vendors/spark-1.5.1-bin-hadoop2.6/lib/datanucleus-rdbms-3.2.9.jar
Launcher Type: SUN_STANDARD

Environment Variables:
JAVA_HOME=/usr/lib/jvm/jdk1.8.0_45/jre
CLASSPATH=
PATH=/usr/local/bin:/bin:/usr/bin:/usr/local/sbin:/usr/sbin:/sbin:/opt/aws/bin:/home/ec2-user/.local/bin:/home/ec2-user/bin:/home/ec2-user/PredictionIO-0.9.6/bin
SHELL=/bin/bash

Signal Handlers:
SIGSEGV: [libjvm.so+0xaad1e0], sa_mask[0]=11111111011111111101111111111110, sa_flags=SA_RESTART|SA_SIGINFO
SIGBUS: [libjvm.so+0xaad1e0], sa_mask[0]=11111111011111111101111111111110, sa_flags=SA_RESTART|SA_SIGINFO
SIGFPE: [libjvm.so+0x90b450], sa_mask[0]=11111111011111111101111111111110, sa_flags=SA_RESTART|SA_SIGINFO
SIGPIPE: [libjvm.so+0x90b450], sa_mask[0]=11111111011111111101111111111110, sa_flags=SA_RESTART|SA_SIGINFO
SIGXFSZ: [libjvm.so+0x90b450], sa_mask[0]=11111111011111111101111111111110, sa_flags=SA_RESTART|SA_SIGINFO
SIGILL: [libjvm.so+0x90b450], sa_mask[0]=11111111011111111101111111111110, sa_flags=SA_RESTART|SA_SIGINFO
SIGUSR1: SIG_DFL, sa_mask[0]=00000000000000000000000000000000, sa_flags=none
SIGUSR2: [libjvm.so+0x90ca90], sa_mask[0]=00100000000000000000000000000000, sa_flags=SA_RESTART|SA_SIGINFO
SIGHUP: [libjvm.so+0x90dde0], sa_mask[0]=11111111011111111101111111111110, sa_flags=SA_RESTART|SA_SIGINFO
SIGINT: [libjvm.so+0x90dde0], sa_mask[0]=11111111011111111101111111111110, sa_flags=SA_RESTART|SA_SIGINFO
SIGTERM: [libjvm.so+0x90dde0], sa_mask[0]=11111111011111111101111111111110, sa_flags=SA_RESTART|SA_SIGINFO
SIGQUIT: [libjvm.so+0x90dde0], sa_mask[0]=11111111011111111101111111111110, sa_flags=SA_RESTART|SA_SIGINFO


---------------  S Y S T E M  ---------------

OS:Amazon Linux AMI release 2016.09

uname:Linux 4.4.23-31.51.amzn1.x86_64 #1 SMP Tue Oct 11 17:10:29 UTC 2016 x86_64
libc:glibc 2.17 NPTL 2.17 
rlimit: STACK 8192k, CORE 0k, NPROC 31862, NOFILE 4096, AS infinity
load average:0.76 0.64 2.63

/proc/meminfo:
MemTotal:        8178640 kB
MemFree:          103972 kB
MemAvailable:      37456 kB
Buffers:             676 kB
Cached:            19648 kB
SwapCached:            0 kB
Active:          7570728 kB
Inactive:           9240 kB
Active(anon):    7560148 kB
Inactive(anon):       64 kB
Active(file):      10580 kB
Inactive(file):     9176 kB
Unevictable:           0 kB
Mlocked:               0 kB
SwapTotal:             0 kB
SwapFree:              0 kB
Dirty:                36 kB
Writeback:             0 kB
AnonPages:       7560140 kB
Mapped:            14732 kB
Shmem:                72 kB
Slab:             107244 kB
SReclaimable:      16144 kB
SUnreclaim:        91100 kB
KernelStack:       46944 kB
PageTables:       211204 kB
NFS_Unstable:          0 kB
Bounce:                0 kB
WritebackTmp:          0 kB
CommitLimit:     4089320 kB
Committed_AS:   23178444 kB
VmallocTotal:   34359738367 kB
VmallocUsed:           0 kB
VmallocChunk:          0 kB
AnonHugePages:         0 kB
HugePages_Total:       0
HugePages_Free:        0
HugePages_Rsvd:        0
HugePages_Surp:        0
Hugepagesize:       2048 kB
DirectMap4k:       12288 kB
DirectMap2M:     2084864 kB
DirectMap1G:     7340032 kB


CPU:total 2 (1 cores per cpu, 2 threads per core) family 6 model 79 stepping 1, cmov, cx8, fxsr, mmx, sse, sse2, sse3, ssse3, sse4.1, sse4.2, popcnt, avx, avx2, aes, clmul, erms, lzcnt, ht, tsc, bmi1, bmi2

/proc/cpuinfo:
processor	: 0
vendor_id	: GenuineIntel
cpu family	: 6
model		: 79
model name	: Intel(R) Xeon(R) CPU E5-2686 v4 @ 2.30GHz
stepping	: 1
microcode	: 0xb000014
cpu MHz		: 2300.082
cache size	: 46080 KB
physical id	: 0
siblings	: 2
core id		: 0
cpu cores	: 1
apicid		: 0
initial apicid	: 0
fpu		: yes
fpu_exception	: yes
cpuid level	: 13
wp		: yes
flags		: fpu vme de pse tsc msr pae mce cx8 apic sep mtrr pge mca cmov pat pse36 clflush mmx fxsr sse sse2 ht syscall nx pdpe1gb rdtscp lm constant_tsc rep_good nopl xtopology eagerfpu pni pclmulqdq ssse3 fma cx16 pcid sse4_1 sse4_2 x2apic movbe popcnt tsc_deadline_timer aes xsave avx f16c rdrand hypervisor lahf_lm abm fsgsbase bmi1 avx2 smep bmi2 erms invpcid xsaveopt
bugs		:
bogomips	: 4600.16
clflush size	: 64
cache_alignment	: 64
address sizes	: 46 bits physical, 48 bits virtual
power management:

processor	: 1
vendor_id	: GenuineIntel
cpu family	: 6
model		: 79
model name	: Intel(R) Xeon(R) CPU E5-2686 v4 @ 2.30GHz
stepping	: 1
microcode	: 0xb000014
cpu MHz		: 2300.082
cache size	: 46080 KB
physical id	: 0
siblings	: 2
core id		: 0
cpu cores	: 1
apicid		: 1
initial apicid	: 1
fpu		: yes
fpu_exception	: yes
cpuid level	: 13
wp		: yes
flags		: fpu vme de pse tsc msr pae mce cx8 apic sep mtrr pge mca cmov pat pse36 clflush mmx fxsr sse sse2 ht syscall nx pdpe1gb rdtscp lm constant_tsc rep_good nopl xtopology eagerfpu pni pclmulqdq ssse3 fma cx16 pcid sse4_1 sse4_2 x2apic movbe popcnt tsc_deadline_timer aes xsave avx f16c rdrand hypervisor lahf_lm abm fsgsbase bmi1 avx2 smep bmi2 erms invpcid xsaveopt
bugs		:
bogomips	: 4600.16
clflush size	: 64
cache_alignment	: 64
address sizes	: 46 bits physical, 48 bits virtual
power management:



Memory: 4k page, physical 8178640k(103972k free), swap 0k(0k free)

vm_info: Java HotSpot(TM) 64-Bit Server VM (25.45-b02) for linux-amd64 JRE (1.8.0_45-b14), built on Apr 10 2015 10:07:45 by "java_re" with gcc 4.3.0 20080428 (Red Hat 4.3.0-8)

time: Thu Nov 17 22:17:17 2016
elapsed time: 7099 seconds (0d 1h 58m 19s)

