2016-10-31 07:53:02,180 INFO  io.prediction.tools.console.App$ [main] -                 Name |   ID |                                                       Access Key | Allowed Event(s)
2016-10-31 07:53:02,232 INFO  io.prediction.tools.console.App$ [main] -                  AAA |   22 | HV7DPG_uWELgjg5MtS-kThu3mGO9ikmU5-p6DRNzBK-BBnk89n2yR4DK_wiKKqzK | (all)
2016-10-31 07:53:02,251 INFO  io.prediction.tools.console.App$ [main] -              Android |   26 | Wl_qIIHjGfIgDX1L84jqXHQ3ZFLVxb4ejV3Fz6GX4vRzEf7noPO1DxDFfFJJB8mJ | (all)
2016-10-31 07:53:02,257 INFO  io.prediction.tools.console.App$ [main] -                  App |    8 | iFsDzNKWG6qoO2jbysCQd2_s__10R0BQM1_fg2lYQJprQHyb-Kfn4PTG5D6-2Z7H | (all)
2016-10-31 07:53:02,265 INFO  io.prediction.tools.console.App$ [main] -                Lasts |   13 | GQOOowLyARbqL0LiMoauvEcHp59Iez-QFuKyEfg6nVMs5XXJ7U45-QuxJ53gSzEz | (all)
2016-10-31 07:53:02,269 INFO  io.prediction.tools.console.App$ [main] -                MJApp |   14 | IK5vaM3Y9bOLqxokoCfA6UY1itzxVg9m1lggFcHNu-LEKH-YG9eA3Y1kqI97nPtO | (all)
2016-10-31 07:53:02,275 INFO  io.prediction.tools.console.App$ [main] -               MyApp1 |    1 | j69tmFRU7OMcuT8k6reZBTCCzRQTQ7oRZUpyeehE-ST-3NSSlwjNBKxdUrmYmtYy | (all)
2016-10-31 07:53:02,279 INFO  io.prediction.tools.console.App$ [main] -                 RApp |   16 | kEhxyQCw5UiI-GuV8ErgGf6Yf9dDJm7uRcpsfPLABl3goUdOWZ5s1E_FQApf4VqR | (all)
2016-10-31 07:53:02,297 INFO  io.prediction.tools.console.App$ [main] -                 SApp |    9 | 3KTUVYSwjIWhOXjO_yg4z7pgi2moNULua35qc1uho7yvE-xxmQm3SAm1tVjYQaFZ | (all)
2016-10-31 07:53:02,302 INFO  io.prediction.tools.console.App$ [main] -                SJApp |   11 | lVIFvdM6m0feavDVazNJ6LOiWphOBZFfUMondw1KvC1J1bGleDDGR6RL2Z8EFVjf | (all)
2016-10-31 07:53:02,310 INFO  io.prediction.tools.console.App$ [main] -                  ZZZ |   23 | mVCaFTkSpeHbuplZ8_fl3JsfOJuDbGBlkPtwOer2I4yhlu6fOcrxYTGynr6uKb1m | (all)
2016-10-31 07:53:02,314 INFO  io.prediction.tools.console.App$ [main] -             juwonApp |   27 | 0O0nUdFSp1_38FcrZ6mrnWr4j6IeTAeDuGjwfSb1ytkupaEEyJrvz7KCQBB15dr8 | (all)
2016-10-31 07:53:02,315 INFO  io.prediction.tools.console.App$ [main] - Finished listing 11 app(s).
2016-10-31 07:53:29,930 INFO  io.prediction.tools.console.App$ [main] -                 Name |   ID |                                                       Access Key | Allowed Event(s)
2016-10-31 07:53:29,981 INFO  io.prediction.tools.console.App$ [main] -                  AAA |   22 | HV7DPG_uWELgjg5MtS-kThu3mGO9ikmU5-p6DRNzBK-BBnk89n2yR4DK_wiKKqzK | (all)
2016-10-31 07:53:29,989 INFO  io.prediction.tools.console.App$ [main] -              Android |   26 | Wl_qIIHjGfIgDX1L84jqXHQ3ZFLVxb4ejV3Fz6GX4vRzEf7noPO1DxDFfFJJB8mJ | (all)
2016-10-31 07:53:29,994 INFO  io.prediction.tools.console.App$ [main] -                  App |    8 | iFsDzNKWG6qoO2jbysCQd2_s__10R0BQM1_fg2lYQJprQHyb-Kfn4PTG5D6-2Z7H | (all)
2016-10-31 07:53:29,999 INFO  io.prediction.tools.console.App$ [main] -                Lasts |   13 | GQOOowLyARbqL0LiMoauvEcHp59Iez-QFuKyEfg6nVMs5XXJ7U45-QuxJ53gSzEz | (all)
2016-10-31 07:53:30,004 INFO  io.prediction.tools.console.App$ [main] -                MJApp |   14 | IK5vaM3Y9bOLqxokoCfA6UY1itzxVg9m1lggFcHNu-LEKH-YG9eA3Y1kqI97nPtO | (all)
2016-10-31 07:53:30,012 INFO  io.prediction.tools.console.App$ [main] -               MyApp1 |    1 | j69tmFRU7OMcuT8k6reZBTCCzRQTQ7oRZUpyeehE-ST-3NSSlwjNBKxdUrmYmtYy | (all)
2016-10-31 07:53:30,018 INFO  io.prediction.tools.console.App$ [main] -                 RApp |   16 | kEhxyQCw5UiI-GuV8ErgGf6Yf9dDJm7uRcpsfPLABl3goUdOWZ5s1E_FQApf4VqR | (all)
2016-10-31 07:53:30,023 INFO  io.prediction.tools.console.App$ [main] -                 SApp |    9 | 3KTUVYSwjIWhOXjO_yg4z7pgi2moNULua35qc1uho7yvE-xxmQm3SAm1tVjYQaFZ | (all)
2016-10-31 07:53:30,029 INFO  io.prediction.tools.console.App$ [main] -                SJApp |   11 | lVIFvdM6m0feavDVazNJ6LOiWphOBZFfUMondw1KvC1J1bGleDDGR6RL2Z8EFVjf | (all)
2016-10-31 07:53:30,044 INFO  io.prediction.tools.console.App$ [main] -                  ZZZ |   23 | mVCaFTkSpeHbuplZ8_fl3JsfOJuDbGBlkPtwOer2I4yhlu6fOcrxYTGynr6uKb1m | (all)
2016-10-31 07:53:30,049 INFO  io.prediction.tools.console.App$ [main] -             juwonApp |   27 | 0O0nUdFSp1_38FcrZ6mrnWr4j6IeTAeDuGjwfSb1ytkupaEEyJrvz7KCQBB15dr8 | (all)
2016-10-31 07:53:30,049 INFO  io.prediction.tools.console.App$ [main] - Finished listing 11 app(s).
2016-10-31 08:00:15,997 INFO  io.prediction.tools.console.App$ [main] -                 Name |   ID |                                                       Access Key | Allowed Event(s)
2016-10-31 08:00:16,098 INFO  io.prediction.tools.console.App$ [main] -                  AAA |   22 | HV7DPG_uWELgjg5MtS-kThu3mGO9ikmU5-p6DRNzBK-BBnk89n2yR4DK_wiKKqzK | (all)
2016-10-31 08:00:16,106 INFO  io.prediction.tools.console.App$ [main] -              Android |   26 | Wl_qIIHjGfIgDX1L84jqXHQ3ZFLVxb4ejV3Fz6GX4vRzEf7noPO1DxDFfFJJB8mJ | (all)
2016-10-31 08:00:16,111 INFO  io.prediction.tools.console.App$ [main] -                  App |    8 | iFsDzNKWG6qoO2jbysCQd2_s__10R0BQM1_fg2lYQJprQHyb-Kfn4PTG5D6-2Z7H | (all)
2016-10-31 08:00:16,116 INFO  io.prediction.tools.console.App$ [main] -                Lasts |   13 | GQOOowLyARbqL0LiMoauvEcHp59Iez-QFuKyEfg6nVMs5XXJ7U45-QuxJ53gSzEz | (all)
2016-10-31 08:00:16,124 INFO  io.prediction.tools.console.App$ [main] -                MJApp |   14 | IK5vaM3Y9bOLqxokoCfA6UY1itzxVg9m1lggFcHNu-LEKH-YG9eA3Y1kqI97nPtO | (all)
2016-10-31 08:00:16,128 INFO  io.prediction.tools.console.App$ [main] -               MyApp1 |    1 | j69tmFRU7OMcuT8k6reZBTCCzRQTQ7oRZUpyeehE-ST-3NSSlwjNBKxdUrmYmtYy | (all)
2016-10-31 08:00:16,134 INFO  io.prediction.tools.console.App$ [main] -                 RApp |   16 | kEhxyQCw5UiI-GuV8ErgGf6Yf9dDJm7uRcpsfPLABl3goUdOWZ5s1E_FQApf4VqR | (all)
2016-10-31 08:00:16,137 INFO  io.prediction.tools.console.App$ [main] -                 SApp |    9 | 3KTUVYSwjIWhOXjO_yg4z7pgi2moNULua35qc1uho7yvE-xxmQm3SAm1tVjYQaFZ | (all)
2016-10-31 08:00:16,142 INFO  io.prediction.tools.console.App$ [main] -                SJApp |   11 | lVIFvdM6m0feavDVazNJ6LOiWphOBZFfUMondw1KvC1J1bGleDDGR6RL2Z8EFVjf | (all)
2016-10-31 08:00:16,150 INFO  io.prediction.tools.console.App$ [main] -               SJApp2 |   28 | oYJOPh37F5Bx7c-L-5yfvHud1F_Mj5Tq0cJGcYQyWlJeglnDpkc9Zil7eg-8UTU7 | (all)
2016-10-31 08:00:16,154 INFO  io.prediction.tools.console.App$ [main] -                  ZZZ |   23 | mVCaFTkSpeHbuplZ8_fl3JsfOJuDbGBlkPtwOer2I4yhlu6fOcrxYTGynr6uKb1m | (all)
2016-10-31 08:00:16,159 INFO  io.prediction.tools.console.App$ [main] -             juwonApp |   27 | 0O0nUdFSp1_38FcrZ6mrnWr4j6IeTAeDuGjwfSb1ytkupaEEyJrvz7KCQBB15dr8 | (all)
2016-10-31 08:00:16,159 INFO  io.prediction.tools.console.App$ [main] - Finished listing 12 app(s).
